{"/app/src/main.tsx": {"path":"/app/src/main.tsx","all":false,"statementMap":{"0":{"start":{"line":1,"column":0},"end":{"line":1,"column":94}},"1":{"start":{"line":2,"column":0},"end":{"line":2,"column":39}},"2":{"start":{"line":3,"column":0},"end":{"line":3,"column":25}},"3":{"start":{"line":4,"column":0},"end":{"line":4,"column":8}},"4":{"start":{"line":5,"column":0},"end":{"line":5,"column":18}},"5":{"start":{"line":6,"column":0},"end":{"line":6,"column":17}},"6":{"start":{"line":7,"column":0},"end":{"line":7,"column":19}},"7":{"start":{"line":8,"column":0},"end":{"line":8,"column":8}},"8":{"start":{"line":9,"column":0},"end":{"line":9,"column":13}},"9":{"start":{"line":10,"column":0},"end":{"line":10,"column":12}},"10":{"start":{"line":11,"column":0},"end":{"line":11,"column":10}},"11":{"start":{"line":12,"column":0},"end":{"line":12,"column":20}},"12":{"start":{"line":13,"column":0},"end":{"line":13,"column":14}},"13":{"start":{"line":14,"column":0},"end":{"line":14,"column":9}},"14":{"start":{"line":15,"column":0},"end":{"line":15,"column":13}},"15":{"start":{"line":16,"column":0},"end":{"line":16,"column":11}},"16":{"start":{"line":17,"column":0},"end":{"line":17,"column":11}},"17":{"start":{"line":18,"column":0},"end":{"line":18,"column":6}},"18":{"start":{"line":19,"column":0},"end":{"line":19,"column":12}},"19":{"start":{"line":20,"column":0},"end":{"line":20,"column":21}},"20":{"start":{"line":21,"column":0},"end":{"line":21,"column":46}},"21":{"start":{"line":22,"column":0},"end":{"line":22,"column":20}},"22":{"start":{"line":23,"column":0},"end":{"line":23,"column":13}},"23":{"start":{"line":24,"column":0},"end":{"line":24,"column":21}},"24":{"start":{"line":25,"column":0},"end":{"line":25,"column":9}},"25":{"start":{"line":26,"column":0},"end":{"line":26,"column":18}},"26":{"start":{"line":27,"column":0},"end":{"line":27,"column":13}},"27":{"start":{"line":28,"column":0},"end":{"line":28,"column":15}},"28":{"start":{"line":29,"column":0},"end":{"line":29,"column":21}},"29":{"start":{"line":30,"column":0},"end":{"line":30,"column":13}},"30":{"start":{"line":31,"column":0},"end":{"line":31,"column":16}},"31":{"start":{"line":32,"column":0},"end":{"line":32,"column":27}},"32":{"start":{"line":33,"column":0},"end":{"line":33,"column":26}},"33":{"start":{"line":34,"column":0},"end":{"line":34,"column":17}},"34":{"start":{"line":35,"column":0},"end":{"line":35,"column":17}},"35":{"start":{"line":36,"column":0},"end":{"line":36,"column":16}},"36":{"start":{"line":37,"column":0},"end":{"line":37,"column":18}},"37":{"start":{"line":38,"column":0},"end":{"line":38,"column":16}},"38":{"start":{"line":39,"column":0},"end":{"line":39,"column":116}},"39":{"start":{"line":40,"column":0},"end":{"line":40,"column":69}},"40":{"start":{"line":41,"column":0},"end":{"line":41,"column":66}},"41":{"start":{"line":42,"column":0},"end":{"line":42,"column":60}},"42":{"start":{"line":43,"column":0},"end":{"line":43,"column":136}},"43":{"start":{"line":44,"column":0},"end":{"line":44,"column":78}},"44":{"start":{"line":45,"column":0},"end":{"line":45,"column":76}},"45":{"start":{"line":46,"column":0},"end":{"line":46,"column":70}},"46":{"start":{"line":47,"column":0},"end":{"line":47,"column":133}},"47":{"start":{"line":48,"column":0},"end":{"line":48,"column":77}},"48":{"start":{"line":49,"column":0},"end":{"line":49,"column":75}},"49":{"start":{"line":50,"column":0},"end":{"line":50,"column":69}},"50":{"start":{"line":51,"column":0},"end":{"line":51,"column":107}},"51":{"start":{"line":52,"column":0},"end":{"line":52,"column":68}},"52":{"start":{"line":53,"column":0},"end":{"line":53,"column":0}},"53":{"start":{"line":54,"column":0},"end":{"line":54,"column":82}},"54":{"start":{"line":55,"column":0},"end":{"line":55,"column":123}},"55":{"start":{"line":56,"column":0},"end":{"line":56,"column":49}},"56":{"start":{"line":57,"column":0},"end":{"line":57,"column":54}},"57":{"start":{"line":58,"column":0},"end":{"line":58,"column":77}},"58":{"start":{"line":59,"column":0},"end":{"line":59,"column":0}},"59":{"start":{"line":60,"column":0},"end":{"line":60,"column":19}},"60":{"start":{"line":61,"column":0},"end":{"line":61,"column":18}},"61":{"start":{"line":62,"column":0},"end":{"line":62,"column":17}},"62":{"start":{"line":63,"column":0},"end":{"line":63,"column":20}},"63":{"start":{"line":64,"column":0},"end":{"line":64,"column":22}},"64":{"start":{"line":65,"column":0},"end":{"line":65,"column":1}},"65":{"start":{"line":66,"column":0},"end":{"line":66,"column":0}},"66":{"start":{"line":67,"column":0},"end":{"line":67,"column":28}},"67":{"start":{"line":68,"column":0},"end":{"line":68,"column":17}},"68":{"start":{"line":69,"column":0},"end":{"line":69,"column":19}},"69":{"start":{"line":70,"column":0},"end":{"line":70,"column":20}},"70":{"start":{"line":71,"column":0},"end":{"line":71,"column":18}},"71":{"start":{"line":72,"column":0},"end":{"line":72,"column":1}},"72":{"start":{"line":73,"column":0},"end":{"line":73,"column":0}},"73":{"start":{"line":74,"column":0},"end":{"line":74,"column":30}},"74":{"start":{"line":75,"column":0},"end":{"line":75,"column":82}},"75":{"start":{"line":76,"column":0},"end":{"line":76,"column":75}},"76":{"start":{"line":77,"column":0},"end":{"line":77,"column":93}},"77":{"start":{"line":78,"column":0},"end":{"line":78,"column":101}},"78":{"start":{"line":79,"column":0},"end":{"line":79,"column":99}},"79":{"start":{"line":80,"column":0},"end":{"line":80,"column":91}},"80":{"start":{"line":81,"column":0},"end":{"line":81,"column":83}},"81":{"start":{"line":82,"column":0},"end":{"line":82,"column":80}},"82":{"start":{"line":83,"column":0},"end":{"line":83,"column":1}},"83":{"start":{"line":84,"column":0},"end":{"line":84,"column":0}},"84":{"start":{"line":85,"column":0},"end":{"line":85,"column":47}},"85":{"start":{"line":86,"column":0},"end":{"line":86,"column":25}},"86":{"start":{"line":87,"column":0},"end":{"line":87,"column":30}},"87":{"start":{"line":88,"column":0},"end":{"line":88,"column":27}},"88":{"start":{"line":89,"column":0},"end":{"line":89,"column":34}},"89":{"start":{"line":90,"column":0},"end":{"line":90,"column":37}},"90":{"start":{"line":91,"column":0},"end":{"line":91,"column":35}},"91":{"start":{"line":92,"column":0},"end":{"line":92,"column":25}},"92":{"start":{"line":93,"column":0},"end":{"line":93,"column":26}},"93":{"start":{"line":94,"column":0},"end":{"line":94,"column":42}},"94":{"start":{"line":95,"column":0},"end":{"line":95,"column":25}},"95":{"start":{"line":96,"column":0},"end":{"line":96,"column":27}},"96":{"start":{"line":97,"column":0},"end":{"line":97,"column":1}},"97":{"start":{"line":98,"column":0},"end":{"line":98,"column":0}},"98":{"start":{"line":99,"column":0},"end":{"line":99,"column":48}},"99":{"start":{"line":100,"column":0},"end":{"line":100,"column":25}},"100":{"start":{"line":101,"column":0},"end":{"line":101,"column":28}},"101":{"start":{"line":102,"column":0},"end":{"line":102,"column":33}},"102":{"start":{"line":103,"column":0},"end":{"line":103,"column":30}},"103":{"start":{"line":104,"column":0},"end":{"line":104,"column":46}},"104":{"start":{"line":105,"column":0},"end":{"line":105,"column":1}},"105":{"start":{"line":106,"column":0},"end":{"line":106,"column":0}},"106":{"start":{"line":107,"column":0},"end":{"line":107,"column":57}},"107":{"start":{"line":108,"column":0},"end":{"line":108,"column":71}},"108":{"start":{"line":109,"column":0},"end":{"line":109,"column":65}},"109":{"start":{"line":110,"column":0},"end":{"line":110,"column":1}},"110":{"start":{"line":111,"column":0},"end":{"line":111,"column":0}},"111":{"start":{"line":112,"column":0},"end":{"line":112,"column":71}},"112":{"start":{"line":113,"column":0},"end":{"line":113,"column":34}},"113":{"start":{"line":114,"column":0},"end":{"line":114,"column":40}},"114":{"start":{"line":115,"column":0},"end":{"line":115,"column":41}},"115":{"start":{"line":116,"column":0},"end":{"line":116,"column":33}},"116":{"start":{"line":117,"column":0},"end":{"line":117,"column":78}},"117":{"start":{"line":118,"column":0},"end":{"line":118,"column":55}},"118":{"start":{"line":119,"column":0},"end":{"line":119,"column":75}},"119":{"start":{"line":120,"column":0},"end":{"line":120,"column":63}},"120":{"start":{"line":121,"column":0},"end":{"line":121,"column":57}},"121":{"start":{"line":122,"column":0},"end":{"line":122,"column":140}},"122":{"start":{"line":123,"column":0},"end":{"line":123,"column":42}},"123":{"start":{"line":124,"column":0},"end":{"line":124,"column":82}},"124":{"start":{"line":125,"column":0},"end":{"line":125,"column":20}},"125":{"start":{"line":126,"column":0},"end":{"line":126,"column":56}},"126":{"start":{"line":127,"column":0},"end":{"line":127,"column":55}},"127":{"start":{"line":128,"column":0},"end":{"line":128,"column":60}},"128":{"start":{"line":129,"column":0},"end":{"line":129,"column":87}},"129":{"start":{"line":130,"column":0},"end":{"line":130,"column":49}},"130":{"start":{"line":131,"column":0},"end":{"line":131,"column":43}},"131":{"start":{"line":132,"column":0},"end":{"line":132,"column":49}},"132":{"start":{"line":133,"column":0},"end":{"line":133,"column":18}},"133":{"start":{"line":134,"column":0},"end":{"line":134,"column":13}},"134":{"start":{"line":135,"column":0},"end":{"line":135,"column":9}},"135":{"start":{"line":136,"column":0},"end":{"line":136,"column":20}},"136":{"start":{"line":137,"column":0},"end":{"line":137,"column":6}},"137":{"start":{"line":138,"column":0},"end":{"line":138,"column":1}},"138":{"start":{"line":139,"column":0},"end":{"line":139,"column":0}},"139":{"start":{"line":140,"column":0},"end":{"line":140,"column":80}},"140":{"start":{"line":141,"column":0},"end":{"line":141,"column":0}},"141":{"start":{"line":142,"column":0},"end":{"line":142,"column":64}},"142":{"start":{"line":143,"column":0},"end":{"line":143,"column":0}},"143":{"start":{"line":144,"column":0},"end":{"line":144,"column":75}},"144":{"start":{"line":145,"column":0},"end":{"line":145,"column":55}},"145":{"start":{"line":146,"column":0},"end":{"line":146,"column":48}},"146":{"start":{"line":147,"column":0},"end":{"line":147,"column":0}},"147":{"start":{"line":148,"column":0},"end":{"line":148,"column":21}},"148":{"start":{"line":149,"column":0},"end":{"line":149,"column":58}},"149":{"start":{"line":150,"column":0},"end":{"line":150,"column":49}},"150":{"start":{"line":151,"column":0},"end":{"line":151,"column":83}},"151":{"start":{"line":152,"column":0},"end":{"line":152,"column":41}},"152":{"start":{"line":153,"column":0},"end":{"line":153,"column":111}},"153":{"start":{"line":154,"column":0},"end":{"line":154,"column":45}},"154":{"start":{"line":155,"column":0},"end":{"line":155,"column":10}},"155":{"start":{"line":156,"column":0},"end":{"line":156,"column":0}},"156":{"start":{"line":157,"column":0},"end":{"line":157,"column":21}},"157":{"start":{"line":158,"column":0},"end":{"line":158,"column":61}},"158":{"start":{"line":159,"column":0},"end":{"line":159,"column":62}},"159":{"start":{"line":160,"column":0},"end":{"line":160,"column":71}},"160":{"start":{"line":161,"column":0},"end":{"line":161,"column":25}},"161":{"start":{"line":162,"column":0},"end":{"line":162,"column":10}},"162":{"start":{"line":163,"column":0},"end":{"line":163,"column":55}},"163":{"start":{"line":164,"column":0},"end":{"line":164,"column":10}},"164":{"start":{"line":165,"column":0},"end":{"line":165,"column":0}},"165":{"start":{"line":166,"column":0},"end":{"line":166,"column":77}},"166":{"start":{"line":167,"column":0},"end":{"line":167,"column":82}},"167":{"start":{"line":168,"column":0},"end":{"line":168,"column":59}},"168":{"start":{"line":169,"column":0},"end":{"line":169,"column":61}},"169":{"start":{"line":170,"column":0},"end":{"line":170,"column":28}},"170":{"start":{"line":171,"column":0},"end":{"line":171,"column":5}},"171":{"start":{"line":172,"column":0},"end":{"line":172,"column":0}},"172":{"start":{"line":173,"column":0},"end":{"line":173,"column":47}},"173":{"start":{"line":174,"column":0},"end":{"line":174,"column":61}},"174":{"start":{"line":175,"column":0},"end":{"line":175,"column":153}},"175":{"start":{"line":176,"column":0},"end":{"line":176,"column":34}},"176":{"start":{"line":177,"column":0},"end":{"line":177,"column":47}},"177":{"start":{"line":178,"column":0},"end":{"line":178,"column":48}},"178":{"start":{"line":179,"column":0},"end":{"line":179,"column":21}},"179":{"start":{"line":180,"column":0},"end":{"line":180,"column":5}},"180":{"start":{"line":181,"column":0},"end":{"line":181,"column":0}},"181":{"start":{"line":182,"column":0},"end":{"line":182,"column":120}},"182":{"start":{"line":183,"column":0},"end":{"line":183,"column":0}},"183":{"start":{"line":184,"column":0},"end":{"line":184,"column":12}},"184":{"start":{"line":185,"column":0},"end":{"line":185,"column":86}},"185":{"start":{"line":186,"column":0},"end":{"line":186,"column":22}},"186":{"start":{"line":187,"column":0},"end":{"line":187,"column":31}},"187":{"start":{"line":188,"column":0},"end":{"line":188,"column":5}},"188":{"start":{"line":189,"column":0},"end":{"line":189,"column":1}},"189":{"start":{"line":190,"column":0},"end":{"line":190,"column":0}},"190":{"start":{"line":191,"column":0},"end":{"line":191,"column":38}},"191":{"start":{"line":192,"column":0},"end":{"line":192,"column":39}},"192":{"start":{"line":193,"column":0},"end":{"line":193,"column":78}},"193":{"start":{"line":194,"column":0},"end":{"line":194,"column":14}},"194":{"start":{"line":195,"column":0},"end":{"line":195,"column":1}},"195":{"start":{"line":196,"column":0},"end":{"line":196,"column":0}},"196":{"start":{"line":197,"column":0},"end":{"line":197,"column":63}},"197":{"start":{"line":198,"column":0},"end":{"line":198,"column":16}},"198":{"start":{"line":199,"column":0},"end":{"line":199,"column":29}},"199":{"start":{"line":200,"column":0},"end":{"line":200,"column":30}},"200":{"start":{"line":201,"column":0},"end":{"line":201,"column":4}},"201":{"start":{"line":202,"column":0},"end":{"line":202,"column":39}},"202":{"start":{"line":203,"column":0},"end":{"line":203,"column":52}},"203":{"start":{"line":204,"column":0},"end":{"line":204,"column":1}},"204":{"start":{"line":205,"column":0},"end":{"line":205,"column":0}},"205":{"start":{"line":206,"column":0},"end":{"line":206,"column":32}},"206":{"start":{"line":207,"column":0},"end":{"line":207,"column":12}},"207":{"start":{"line":208,"column":0},"end":{"line":208,"column":87}},"208":{"start":{"line":209,"column":0},"end":{"line":209,"column":56}},"209":{"start":{"line":210,"column":0},"end":{"line":210,"column":72}},"210":{"start":{"line":211,"column":0},"end":{"line":211,"column":90}},"211":{"start":{"line":212,"column":0},"end":{"line":212,"column":14}},"212":{"start":{"line":213,"column":0},"end":{"line":213,"column":5}},"213":{"start":{"line":214,"column":0},"end":{"line":214,"column":1}},"214":{"start":{"line":215,"column":0},"end":{"line":215,"column":0}},"215":{"start":{"line":216,"column":0},"end":{"line":216,"column":22}},"216":{"start":{"line":217,"column":0},"end":{"line":217,"column":31}},"217":{"start":{"line":218,"column":0},"end":{"line":218,"column":67}},"218":{"start":{"line":219,"column":0},"end":{"line":219,"column":42}},"219":{"start":{"line":220,"column":0},"end":{"line":220,"column":48}},"220":{"start":{"line":221,"column":0},"end":{"line":221,"column":40}},"221":{"start":{"line":222,"column":0},"end":{"line":222,"column":62}},"222":{"start":{"line":223,"column":0},"end":{"line":223,"column":55}},"223":{"start":{"line":224,"column":0},"end":{"line":224,"column":42}},"224":{"start":{"line":225,"column":0},"end":{"line":225,"column":46}},"225":{"start":{"line":226,"column":0},"end":{"line":226,"column":0}},"226":{"start":{"line":227,"column":0},"end":{"line":227,"column":55}},"227":{"start":{"line":228,"column":0},"end":{"line":228,"column":26}},"228":{"start":{"line":229,"column":0},"end":{"line":229,"column":20}},"229":{"start":{"line":230,"column":0},"end":{"line":230,"column":27}},"230":{"start":{"line":231,"column":0},"end":{"line":231,"column":13}},"231":{"start":{"line":232,"column":0},"end":{"line":232,"column":40}},"232":{"start":{"line":233,"column":0},"end":{"line":233,"column":23}},"233":{"start":{"line":234,"column":0},"end":{"line":234,"column":37}},"234":{"start":{"line":235,"column":0},"end":{"line":235,"column":51}},"235":{"start":{"line":236,"column":0},"end":{"line":236,"column":47}},"236":{"start":{"line":237,"column":0},"end":{"line":237,"column":83}},"237":{"start":{"line":238,"column":0},"end":{"line":238,"column":55}},"238":{"start":{"line":239,"column":0},"end":{"line":239,"column":19}},"239":{"start":{"line":240,"column":0},"end":{"line":240,"column":32}},"240":{"start":{"line":241,"column":0},"end":{"line":241,"column":9}},"241":{"start":{"line":242,"column":0},"end":{"line":242,"column":5}},"242":{"start":{"line":243,"column":0},"end":{"line":243,"column":0}},"243":{"start":{"line":244,"column":0},"end":{"line":244,"column":58}},"244":{"start":{"line":245,"column":0},"end":{"line":245,"column":26}},"245":{"start":{"line":246,"column":0},"end":{"line":246,"column":20}},"246":{"start":{"line":247,"column":0},"end":{"line":247,"column":90}},"247":{"start":{"line":248,"column":0},"end":{"line":248,"column":27}},"248":{"start":{"line":249,"column":0},"end":{"line":249,"column":13}},"249":{"start":{"line":250,"column":0},"end":{"line":250,"column":70}},"250":{"start":{"line":251,"column":0},"end":{"line":251,"column":78}},"251":{"start":{"line":252,"column":0},"end":{"line":252,"column":28}},"252":{"start":{"line":253,"column":0},"end":{"line":253,"column":24}},"253":{"start":{"line":254,"column":0},"end":{"line":254,"column":27}},"254":{"start":{"line":255,"column":0},"end":{"line":255,"column":23}},"255":{"start":{"line":256,"column":0},"end":{"line":256,"column":55}},"256":{"start":{"line":257,"column":0},"end":{"line":257,"column":103}},"257":{"start":{"line":258,"column":0},"end":{"line":258,"column":19}},"258":{"start":{"line":259,"column":0},"end":{"line":259,"column":32}},"259":{"start":{"line":260,"column":0},"end":{"line":260,"column":9}},"260":{"start":{"line":261,"column":0},"end":{"line":261,"column":5}},"261":{"start":{"line":262,"column":0},"end":{"line":262,"column":0}},"262":{"start":{"line":263,"column":0},"end":{"line":263,"column":12}},"263":{"start":{"line":264,"column":0},"end":{"line":264,"column":82}},"264":{"start":{"line":265,"column":0},"end":{"line":265,"column":102}},"265":{"start":{"line":266,"column":0},"end":{"line":266,"column":50}},"266":{"start":{"line":267,"column":0},"end":{"line":267,"column":75}},"267":{"start":{"line":268,"column":0},"end":{"line":268,"column":148}},"268":{"start":{"line":269,"column":0},"end":{"line":269,"column":22}},"269":{"start":{"line":270,"column":0},"end":{"line":270,"column":122}},"270":{"start":{"line":271,"column":0},"end":{"line":271,"column":114}},"271":{"start":{"line":272,"column":0},"end":{"line":272,"column":0}},"272":{"start":{"line":273,"column":0},"end":{"line":273,"column":37}},"273":{"start":{"line":274,"column":0},"end":{"line":274,"column":71}},"274":{"start":{"line":275,"column":0},"end":{"line":275,"column":29}},"275":{"start":{"line":276,"column":0},"end":{"line":276,"column":106}},"276":{"start":{"line":277,"column":0},"end":{"line":277,"column":113}},"277":{"start":{"line":278,"column":0},"end":{"line":278,"column":177}},"278":{"start":{"line":279,"column":0},"end":{"line":279,"column":30}},"279":{"start":{"line":280,"column":0},"end":{"line":280,"column":29}},"280":{"start":{"line":281,"column":0},"end":{"line":281,"column":105}},"281":{"start":{"line":282,"column":0},"end":{"line":282,"column":122}},"282":{"start":{"line":283,"column":0},"end":{"line":283,"column":169}},"283":{"start":{"line":284,"column":0},"end":{"line":284,"column":30}},"284":{"start":{"line":285,"column":0},"end":{"line":285,"column":67}},"285":{"start":{"line":286,"column":0},"end":{"line":286,"column":144}},"286":{"start":{"line":287,"column":0},"end":{"line":287,"column":67}},"287":{"start":{"line":288,"column":0},"end":{"line":288,"column":33}},"288":{"start":{"line":289,"column":0},"end":{"line":289,"column":99}},"289":{"start":{"line":290,"column":0},"end":{"line":290,"column":101}},"290":{"start":{"line":291,"column":0},"end":{"line":291,"column":39}},"291":{"start":{"line":292,"column":0},"end":{"line":292,"column":33}},"292":{"start":{"line":293,"column":0},"end":{"line":293,"column":27}},"293":{"start":{"line":294,"column":0},"end":{"line":294,"column":21}},"294":{"start":{"line":295,"column":0},"end":{"line":295,"column":74}},"295":{"start":{"line":296,"column":0},"end":{"line":296,"column":29}},"296":{"start":{"line":297,"column":0},"end":{"line":297,"column":104}},"297":{"start":{"line":298,"column":0},"end":{"line":298,"column":110}},"298":{"start":{"line":299,"column":0},"end":{"line":299,"column":169}},"299":{"start":{"line":300,"column":0},"end":{"line":300,"column":30}},"300":{"start":{"line":301,"column":0},"end":{"line":301,"column":29}},"301":{"start":{"line":302,"column":0},"end":{"line":302,"column":106}},"302":{"start":{"line":303,"column":0},"end":{"line":303,"column":113}},"303":{"start":{"line":304,"column":0},"end":{"line":304,"column":177}},"304":{"start":{"line":305,"column":0},"end":{"line":305,"column":30}},"305":{"start":{"line":306,"column":0},"end":{"line":306,"column":29}},"306":{"start":{"line":307,"column":0},"end":{"line":307,"column":105}},"307":{"start":{"line":308,"column":0},"end":{"line":308,"column":136}},"308":{"start":{"line":309,"column":0},"end":{"line":309,"column":178}},"309":{"start":{"line":310,"column":0},"end":{"line":310,"column":30}},"310":{"start":{"line":311,"column":0},"end":{"line":311,"column":29}},"311":{"start":{"line":312,"column":0},"end":{"line":312,"column":115}},"312":{"start":{"line":313,"column":0},"end":{"line":313,"column":136}},"313":{"start":{"line":314,"column":0},"end":{"line":314,"column":169}},"314":{"start":{"line":315,"column":0},"end":{"line":315,"column":30}},"315":{"start":{"line":316,"column":0},"end":{"line":316,"column":67}},"316":{"start":{"line":317,"column":0},"end":{"line":317,"column":144}},"317":{"start":{"line":318,"column":0},"end":{"line":318,"column":77}},"318":{"start":{"line":319,"column":0},"end":{"line":319,"column":33}},"319":{"start":{"line":320,"column":0},"end":{"line":320,"column":96}},"320":{"start":{"line":321,"column":0},"end":{"line":321,"column":101}},"321":{"start":{"line":322,"column":0},"end":{"line":322,"column":42}},"322":{"start":{"line":323,"column":0},"end":{"line":323,"column":33}},"323":{"start":{"line":324,"column":0},"end":{"line":324,"column":27}},"324":{"start":{"line":325,"column":0},"end":{"line":325,"column":18}},"325":{"start":{"line":326,"column":0},"end":{"line":326,"column":18}},"326":{"start":{"line":327,"column":0},"end":{"line":327,"column":14}},"327":{"start":{"line":328,"column":0},"end":{"line":328,"column":5}},"328":{"start":{"line":329,"column":0},"end":{"line":329,"column":1}},"329":{"start":{"line":330,"column":0},"end":{"line":330,"column":0}},"330":{"start":{"line":331,"column":0},"end":{"line":331,"column":80}},"331":{"start":{"line":332,"column":0},"end":{"line":332,"column":0}},"332":{"start":{"line":333,"column":0},"end":{"line":333,"column":16}},"333":{"start":{"line":334,"column":0},"end":{"line":334,"column":53}},"334":{"start":{"line":335,"column":0},"end":{"line":335,"column":54}},"335":{"start":{"line":336,"column":0},"end":{"line":336,"column":81}},"336":{"start":{"line":337,"column":0},"end":{"line":337,"column":5}},"337":{"start":{"line":338,"column":0},"end":{"line":338,"column":62}},"338":{"start":{"line":339,"column":0},"end":{"line":339,"column":62}},"339":{"start":{"line":340,"column":0},"end":{"line":340,"column":62}},"340":{"start":{"line":341,"column":0},"end":{"line":341,"column":68}},"341":{"start":{"line":342,"column":0},"end":{"line":342,"column":83}},"342":{"start":{"line":343,"column":0},"end":{"line":343,"column":49}},"343":{"start":{"line":344,"column":0},"end":{"line":344,"column":42}},"344":{"start":{"line":345,"column":0},"end":{"line":345,"column":77}},"345":{"start":{"line":346,"column":0},"end":{"line":346,"column":0}},"346":{"start":{"line":347,"column":0},"end":{"line":347,"column":51}},"347":{"start":{"line":348,"column":0},"end":{"line":348,"column":48}},"348":{"start":{"line":349,"column":0},"end":{"line":349,"column":37}},"349":{"start":{"line":350,"column":0},"end":{"line":350,"column":20}},"350":{"start":{"line":351,"column":0},"end":{"line":351,"column":13}},"351":{"start":{"line":352,"column":0},"end":{"line":352,"column":94}},"352":{"start":{"line":353,"column":0},"end":{"line":353,"column":50}},"353":{"start":{"line":354,"column":0},"end":{"line":354,"column":59}},"354":{"start":{"line":355,"column":0},"end":{"line":355,"column":59}},"355":{"start":{"line":356,"column":0},"end":{"line":356,"column":14}},"356":{"start":{"line":357,"column":0},"end":{"line":357,"column":0}},"357":{"start":{"line":358,"column":0},"end":{"line":358,"column":57}},"358":{"start":{"line":359,"column":0},"end":{"line":359,"column":62}},"359":{"start":{"line":360,"column":0},"end":{"line":360,"column":20}},"360":{"start":{"line":361,"column":0},"end":{"line":361,"column":103}},"361":{"start":{"line":362,"column":0},"end":{"line":362,"column":13}},"362":{"start":{"line":363,"column":0},"end":{"line":363,"column":0}},"363":{"start":{"line":364,"column":0},"end":{"line":364,"column":55}},"364":{"start":{"line":365,"column":0},"end":{"line":365,"column":58}},"365":{"start":{"line":366,"column":0},"end":{"line":366,"column":13}},"366":{"start":{"line":367,"column":0},"end":{"line":367,"column":0}},"367":{"start":{"line":368,"column":0},"end":{"line":368,"column":55}},"368":{"start":{"line":369,"column":0},"end":{"line":369,"column":58}},"369":{"start":{"line":370,"column":0},"end":{"line":370,"column":13}},"370":{"start":{"line":371,"column":0},"end":{"line":371,"column":0}},"371":{"start":{"line":372,"column":0},"end":{"line":372,"column":109}},"372":{"start":{"line":373,"column":0},"end":{"line":373,"column":72}},"373":{"start":{"line":374,"column":0},"end":{"line":374,"column":135}},"374":{"start":{"line":375,"column":0},"end":{"line":375,"column":13}},"375":{"start":{"line":376,"column":0},"end":{"line":376,"column":0}},"376":{"start":{"line":377,"column":0},"end":{"line":377,"column":37}},"377":{"start":{"line":378,"column":0},"end":{"line":378,"column":98}},"378":{"start":{"line":379,"column":0},"end":{"line":379,"column":56}},"379":{"start":{"line":380,"column":0},"end":{"line":380,"column":13}},"380":{"start":{"line":381,"column":0},"end":{"line":381,"column":32}},"381":{"start":{"line":382,"column":0},"end":{"line":382,"column":97}},"382":{"start":{"line":383,"column":0},"end":{"line":383,"column":19}},"383":{"start":{"line":384,"column":0},"end":{"line":384,"column":29}},"384":{"start":{"line":385,"column":0},"end":{"line":385,"column":9}},"385":{"start":{"line":386,"column":0},"end":{"line":386,"column":5}},"386":{"start":{"line":387,"column":0},"end":{"line":387,"column":0}},"387":{"start":{"line":388,"column":0},"end":{"line":388,"column":21}},"388":{"start":{"line":389,"column":0},"end":{"line":389,"column":21}},"389":{"start":{"line":390,"column":0},"end":{"line":390,"column":10}},"390":{"start":{"line":391,"column":0},"end":{"line":391,"column":0}},"391":{"start":{"line":392,"column":0},"end":{"line":392,"column":21}},"392":{"start":{"line":393,"column":0},"end":{"line":393,"column":105}},"393":{"start":{"line":394,"column":0},"end":{"line":394,"column":31}},"394":{"start":{"line":395,"column":0},"end":{"line":395,"column":63}},"395":{"start":{"line":396,"column":0},"end":{"line":396,"column":40}},"396":{"start":{"line":397,"column":0},"end":{"line":397,"column":19}},"397":{"start":{"line":398,"column":0},"end":{"line":398,"column":0}},"398":{"start":{"line":399,"column":0},"end":{"line":399,"column":21}},"399":{"start":{"line":400,"column":0},"end":{"line":400,"column":34}},"400":{"start":{"line":401,"column":0},"end":{"line":401,"column":37}},"401":{"start":{"line":402,"column":0},"end":{"line":402,"column":18}},"402":{"start":{"line":403,"column":0},"end":{"line":403,"column":9}},"403":{"start":{"line":404,"column":0},"end":{"line":404,"column":0}},"404":{"start":{"line":405,"column":0},"end":{"line":405,"column":26}},"405":{"start":{"line":406,"column":0},"end":{"line":406,"column":61}},"406":{"start":{"line":407,"column":0},"end":{"line":407,"column":33}},"407":{"start":{"line":408,"column":0},"end":{"line":408,"column":30}},"408":{"start":{"line":409,"column":0},"end":{"line":409,"column":54}},"409":{"start":{"line":410,"column":0},"end":{"line":410,"column":17}},"410":{"start":{"line":411,"column":0},"end":{"line":411,"column":14}},"411":{"start":{"line":412,"column":0},"end":{"line":412,"column":38}},"412":{"start":{"line":413,"column":0},"end":{"line":413,"column":30}},"413":{"start":{"line":414,"column":0},"end":{"line":414,"column":95}},"414":{"start":{"line":415,"column":0},"end":{"line":415,"column":17}},"415":{"start":{"line":416,"column":0},"end":{"line":416,"column":14}},"416":{"start":{"line":417,"column":0},"end":{"line":417,"column":0}},"417":{"start":{"line":418,"column":0},"end":{"line":418,"column":22}},"418":{"start":{"line":419,"column":0},"end":{"line":419,"column":25}},"419":{"start":{"line":420,"column":0},"end":{"line":420,"column":9}},"420":{"start":{"line":421,"column":0},"end":{"line":421,"column":28}},"421":{"start":{"line":422,"column":0},"end":{"line":422,"column":0}},"422":{"start":{"line":423,"column":0},"end":{"line":423,"column":71}},"423":{"start":{"line":424,"column":0},"end":{"line":424,"column":37}},"424":{"start":{"line":425,"column":0},"end":{"line":425,"column":148}},"425":{"start":{"line":426,"column":0},"end":{"line":426,"column":20}},"426":{"start":{"line":427,"column":0},"end":{"line":427,"column":5}},"427":{"start":{"line":428,"column":0},"end":{"line":428,"column":38}},"428":{"start":{"line":429,"column":0},"end":{"line":429,"column":63}},"429":{"start":{"line":430,"column":0},"end":{"line":430,"column":20}},"430":{"start":{"line":431,"column":0},"end":{"line":431,"column":5}},"431":{"start":{"line":432,"column":0},"end":{"line":432,"column":38}},"432":{"start":{"line":433,"column":0},"end":{"line":433,"column":63}},"433":{"start":{"line":434,"column":0},"end":{"line":434,"column":20}},"434":{"start":{"line":435,"column":0},"end":{"line":435,"column":5}},"435":{"start":{"line":436,"column":0},"end":{"line":436,"column":0}},"436":{"start":{"line":437,"column":0},"end":{"line":437,"column":58}},"437":{"start":{"line":438,"column":0},"end":{"line":438,"column":41}},"438":{"start":{"line":439,"column":0},"end":{"line":439,"column":35}},"439":{"start":{"line":440,"column":0},"end":{"line":440,"column":5}},"440":{"start":{"line":441,"column":0},"end":{"line":441,"column":0}},"441":{"start":{"line":442,"column":0},"end":{"line":442,"column":0}},"442":{"start":{"line":443,"column":0},"end":{"line":443,"column":0}},"443":{"start":{"line":444,"column":0},"end":{"line":444,"column":59}},"444":{"start":{"line":445,"column":0},"end":{"line":445,"column":13}},"445":{"start":{"line":446,"column":0},"end":{"line":446,"column":60}},"446":{"start":{"line":447,"column":0},"end":{"line":447,"column":31}},"447":{"start":{"line":448,"column":0},"end":{"line":448,"column":32}},"448":{"start":{"line":449,"column":0},"end":{"line":449,"column":80}},"449":{"start":{"line":450,"column":0},"end":{"line":450,"column":9}},"450":{"start":{"line":451,"column":0},"end":{"line":451,"column":5}},"451":{"start":{"line":452,"column":0},"end":{"line":452,"column":0}},"452":{"start":{"line":453,"column":0},"end":{"line":453,"column":56}},"453":{"start":{"line":454,"column":0},"end":{"line":454,"column":78}},"454":{"start":{"line":455,"column":0},"end":{"line":455,"column":13}},"455":{"start":{"line":456,"column":0},"end":{"line":456,"column":55}},"456":{"start":{"line":457,"column":0},"end":{"line":457,"column":31}},"457":{"start":{"line":458,"column":0},"end":{"line":458,"column":32}},"458":{"start":{"line":459,"column":0},"end":{"line":459,"column":76}},"459":{"start":{"line":460,"column":0},"end":{"line":460,"column":9}},"460":{"start":{"line":461,"column":0},"end":{"line":461,"column":5}},"461":{"start":{"line":462,"column":0},"end":{"line":462,"column":0}},"462":{"start":{"line":463,"column":0},"end":{"line":463,"column":12}},"463":{"start":{"line":464,"column":0},"end":{"line":464,"column":63}},"464":{"start":{"line":465,"column":0},"end":{"line":465,"column":47}},"465":{"start":{"line":466,"column":0},"end":{"line":466,"column":99}},"466":{"start":{"line":467,"column":0},"end":{"line":467,"column":72}},"467":{"start":{"line":468,"column":0},"end":{"line":468,"column":78}},"468":{"start":{"line":469,"column":0},"end":{"line":469,"column":114}},"469":{"start":{"line":470,"column":0},"end":{"line":470,"column":26}},"470":{"start":{"line":471,"column":0},"end":{"line":471,"column":57}},"471":{"start":{"line":472,"column":0},"end":{"line":472,"column":50}},"472":{"start":{"line":473,"column":0},"end":{"line":473,"column":82}},"473":{"start":{"line":474,"column":0},"end":{"line":474,"column":42}},"474":{"start":{"line":475,"column":0},"end":{"line":475,"column":47}},"475":{"start":{"line":476,"column":0},"end":{"line":476,"column":67}},"476":{"start":{"line":477,"column":0},"end":{"line":477,"column":74}},"477":{"start":{"line":478,"column":0},"end":{"line":478,"column":34}},"478":{"start":{"line":479,"column":0},"end":{"line":479,"column":46}},"479":{"start":{"line":480,"column":0},"end":{"line":480,"column":27}},"480":{"start":{"line":481,"column":0},"end":{"line":481,"column":26}},"481":{"start":{"line":482,"column":0},"end":{"line":482,"column":72}},"482":{"start":{"line":483,"column":0},"end":{"line":483,"column":31}},"483":{"start":{"line":484,"column":0},"end":{"line":484,"column":41}},"484":{"start":{"line":485,"column":0},"end":{"line":485,"column":44}},"485":{"start":{"line":486,"column":0},"end":{"line":486,"column":142}},"486":{"start":{"line":487,"column":0},"end":{"line":487,"column":25}},"487":{"start":{"line":488,"column":0},"end":{"line":488,"column":32}},"488":{"start":{"line":489,"column":0},"end":{"line":489,"column":33}},"489":{"start":{"line":490,"column":0},"end":{"line":490,"column":26}},"490":{"start":{"line":491,"column":0},"end":{"line":491,"column":24}},"491":{"start":{"line":492,"column":0},"end":{"line":492,"column":0}},"492":{"start":{"line":493,"column":0},"end":{"line":493,"column":49}},"493":{"start":{"line":494,"column":0},"end":{"line":494,"column":92}},"494":{"start":{"line":495,"column":0},"end":{"line":495,"column":91}},"495":{"start":{"line":496,"column":0},"end":{"line":496,"column":33}},"496":{"start":{"line":497,"column":0},"end":{"line":497,"column":98}},"497":{"start":{"line":498,"column":0},"end":{"line":498,"column":128}},"498":{"start":{"line":499,"column":0},"end":{"line":499,"column":34}},"499":{"start":{"line":500,"column":0},"end":{"line":500,"column":35}},"500":{"start":{"line":501,"column":0},"end":{"line":501,"column":45}},"501":{"start":{"line":502,"column":0},"end":{"line":502,"column":110}},"502":{"start":{"line":503,"column":0},"end":{"line":503,"column":178}},"503":{"start":{"line":504,"column":0},"end":{"line":504,"column":29}},"504":{"start":{"line":505,"column":0},"end":{"line":505,"column":74}},"505":{"start":{"line":506,"column":0},"end":{"line":506,"column":41}},"506":{"start":{"line":507,"column":0},"end":{"line":507,"column":37}},"507":{"start":{"line":508,"column":0},"end":{"line":508,"column":30}},"508":{"start":{"line":509,"column":0},"end":{"line":509,"column":29}},"509":{"start":{"line":510,"column":0},"end":{"line":510,"column":0}},"510":{"start":{"line":511,"column":0},"end":{"line":511,"column":91}},"511":{"start":{"line":512,"column":0},"end":{"line":512,"column":68}},"512":{"start":{"line":513,"column":0},"end":{"line":513,"column":54}},"513":{"start":{"line":514,"column":0},"end":{"line":514,"column":86}},"514":{"start":{"line":515,"column":0},"end":{"line":515,"column":46}},"515":{"start":{"line":516,"column":0},"end":{"line":516,"column":51}},"516":{"start":{"line":517,"column":0},"end":{"line":517,"column":71}},"517":{"start":{"line":518,"column":0},"end":{"line":518,"column":78}},"518":{"start":{"line":519,"column":0},"end":{"line":519,"column":47}},"519":{"start":{"line":520,"column":0},"end":{"line":520,"column":38}},"520":{"start":{"line":521,"column":0},"end":{"line":521,"column":50}},"521":{"start":{"line":522,"column":0},"end":{"line":522,"column":31}},"522":{"start":{"line":523,"column":0},"end":{"line":523,"column":30}},"523":{"start":{"line":524,"column":0},"end":{"line":524,"column":26}},"524":{"start":{"line":525,"column":0},"end":{"line":525,"column":0}},"525":{"start":{"line":526,"column":0},"end":{"line":526,"column":59}},"526":{"start":{"line":527,"column":0},"end":{"line":527,"column":76}},"527":{"start":{"line":528,"column":0},"end":{"line":528,"column":77}},"528":{"start":{"line":529,"column":0},"end":{"line":529,"column":0}},"529":{"start":{"line":530,"column":0},"end":{"line":530,"column":239}},"530":{"start":{"line":531,"column":0},"end":{"line":531,"column":51}},"531":{"start":{"line":532,"column":0},"end":{"line":532,"column":98}},"532":{"start":{"line":533,"column":0},"end":{"line":533,"column":42}},"533":{"start":{"line":534,"column":0},"end":{"line":534,"column":64}},"534":{"start":{"line":535,"column":0},"end":{"line":535,"column":81}},"535":{"start":{"line":536,"column":0},"end":{"line":536,"column":86}},"536":{"start":{"line":537,"column":0},"end":{"line":537,"column":34}},"537":{"start":{"line":538,"column":0},"end":{"line":538,"column":46}},"538":{"start":{"line":539,"column":0},"end":{"line":539,"column":33}},"539":{"start":{"line":540,"column":0},"end":{"line":540,"column":190}},"540":{"start":{"line":541,"column":0},"end":{"line":541,"column":54}},"541":{"start":{"line":542,"column":0},"end":{"line":542,"column":98}},"542":{"start":{"line":543,"column":0},"end":{"line":543,"column":78}},"543":{"start":{"line":544,"column":0},"end":{"line":544,"column":46}},"544":{"start":{"line":545,"column":0},"end":{"line":545,"column":33}},"545":{"start":{"line":546,"column":0},"end":{"line":546,"column":54}},"546":{"start":{"line":547,"column":0},"end":{"line":547,"column":98}},"547":{"start":{"line":548,"column":0},"end":{"line":548,"column":45}},"548":{"start":{"line":549,"column":0},"end":{"line":549,"column":65}},"549":{"start":{"line":550,"column":0},"end":{"line":550,"column":73}},"550":{"start":{"line":551,"column":0},"end":{"line":551,"column":67}},"551":{"start":{"line":552,"column":0},"end":{"line":552,"column":59}},"552":{"start":{"line":553,"column":0},"end":{"line":553,"column":34}},"553":{"start":{"line":554,"column":0},"end":{"line":554,"column":46}},"554":{"start":{"line":555,"column":0},"end":{"line":555,"column":33}},"555":{"start":{"line":556,"column":0},"end":{"line":556,"column":56}},"556":{"start":{"line":557,"column":0},"end":{"line":557,"column":106}},"557":{"start":{"line":558,"column":0},"end":{"line":558,"column":47}},"558":{"start":{"line":559,"column":0},"end":{"line":559,"column":53}},"559":{"start":{"line":560,"column":0},"end":{"line":560,"column":71}},"560":{"start":{"line":561,"column":0},"end":{"line":561,"column":75}},"561":{"start":{"line":562,"column":0},"end":{"line":562,"column":61}},"562":{"start":{"line":563,"column":0},"end":{"line":563,"column":80}},"563":{"start":{"line":564,"column":0},"end":{"line":564,"column":34}},"564":{"start":{"line":565,"column":0},"end":{"line":565,"column":46}},"565":{"start":{"line":566,"column":0},"end":{"line":566,"column":33}},"566":{"start":{"line":567,"column":0},"end":{"line":567,"column":176}},"567":{"start":{"line":568,"column":0},"end":{"line":568,"column":249}},"568":{"start":{"line":569,"column":0},"end":{"line":569,"column":169}},"569":{"start":{"line":570,"column":0},"end":{"line":570,"column":166}},"570":{"start":{"line":571,"column":0},"end":{"line":571,"column":30}},"571":{"start":{"line":572,"column":0},"end":{"line":572,"column":23}},"572":{"start":{"line":573,"column":0},"end":{"line":573,"column":18}},"573":{"start":{"line":574,"column":0},"end":{"line":574,"column":30}},"574":{"start":{"line":575,"column":0},"end":{"line":575,"column":38}},"575":{"start":{"line":576,"column":0},"end":{"line":576,"column":39}},"576":{"start":{"line":577,"column":0},"end":{"line":577,"column":58}},"577":{"start":{"line":578,"column":0},"end":{"line":578,"column":57}},"578":{"start":{"line":579,"column":0},"end":{"line":579,"column":51}},"579":{"start":{"line":580,"column":0},"end":{"line":580,"column":18}},"580":{"start":{"line":581,"column":0},"end":{"line":581,"column":21}},"581":{"start":{"line":582,"column":0},"end":{"line":582,"column":14}},"582":{"start":{"line":583,"column":0},"end":{"line":583,"column":5}},"583":{"start":{"line":584,"column":0},"end":{"line":584,"column":1}},"584":{"start":{"line":585,"column":0},"end":{"line":585,"column":0}},"585":{"start":{"line":586,"column":0},"end":{"line":586,"column":64}},"586":{"start":{"line":587,"column":0},"end":{"line":587,"column":17}},"587":{"start":{"line":588,"column":0},"end":{"line":588,"column":19}},"588":{"start":{"line":589,"column":0},"end":{"line":589,"column":23}},"589":{"start":{"line":590,"column":0},"end":{"line":590,"column":21}},"590":{"start":{"line":591,"column":0},"end":{"line":591,"column":4}},"591":{"start":{"line":592,"column":0},"end":{"line":592,"column":26}},"592":{"start":{"line":593,"column":0},"end":{"line":593,"column":12}},"593":{"start":{"line":594,"column":0},"end":{"line":594,"column":15}},"594":{"start":{"line":595,"column":0},"end":{"line":595,"column":25}},"595":{"start":{"line":596,"column":0},"end":{"line":596,"column":29}},"596":{"start":{"line":597,"column":0},"end":{"line":597,"column":91}},"597":{"start":{"line":598,"column":0},"end":{"line":598,"column":47}},"598":{"start":{"line":599,"column":0},"end":{"line":599,"column":108}},"599":{"start":{"line":600,"column":0},"end":{"line":600,"column":9}},"600":{"start":{"line":601,"column":0},"end":{"line":601,"column":49}},"601":{"start":{"line":602,"column":0},"end":{"line":602,"column":24}},"602":{"start":{"line":603,"column":0},"end":{"line":603,"column":17}},"603":{"start":{"line":604,"column":0},"end":{"line":604,"column":5}},"604":{"start":{"line":605,"column":0},"end":{"line":605,"column":1}},"605":{"start":{"line":606,"column":0},"end":{"line":606,"column":0}},"606":{"start":{"line":607,"column":0},"end":{"line":607,"column":73}},"607":{"start":{"line":608,"column":0},"end":{"line":608,"column":17}},"608":{"start":{"line":609,"column":0},"end":{"line":609,"column":23}},"609":{"start":{"line":610,"column":0},"end":{"line":610,"column":37}},"610":{"start":{"line":611,"column":0},"end":{"line":611,"column":34}},"611":{"start":{"line":612,"column":0},"end":{"line":612,"column":4}},"612":{"start":{"line":613,"column":0},"end":{"line":613,"column":12}},"613":{"start":{"line":614,"column":0},"end":{"line":614,"column":89}},"614":{"start":{"line":615,"column":0},"end":{"line":615,"column":79}},"615":{"start":{"line":616,"column":0},"end":{"line":616,"column":72}},"616":{"start":{"line":617,"column":0},"end":{"line":617,"column":82}},"617":{"start":{"line":618,"column":0},"end":{"line":618,"column":106}},"618":{"start":{"line":619,"column":0},"end":{"line":619,"column":58}},"619":{"start":{"line":620,"column":0},"end":{"line":620,"column":29}},"620":{"start":{"line":621,"column":0},"end":{"line":621,"column":22}},"621":{"start":{"line":622,"column":0},"end":{"line":622,"column":51}},"622":{"start":{"line":623,"column":0},"end":{"line":623,"column":25}},"623":{"start":{"line":624,"column":0},"end":{"line":624,"column":105}},"624":{"start":{"line":625,"column":0},"end":{"line":625,"column":92}},"625":{"start":{"line":626,"column":0},"end":{"line":626,"column":26}},"626":{"start":{"line":627,"column":0},"end":{"line":627,"column":25}},"627":{"start":{"line":628,"column":0},"end":{"line":628,"column":116}},"628":{"start":{"line":629,"column":0},"end":{"line":629,"column":124}},"629":{"start":{"line":630,"column":0},"end":{"line":630,"column":75}},"630":{"start":{"line":631,"column":0},"end":{"line":631,"column":30}},"631":{"start":{"line":632,"column":0},"end":{"line":632,"column":26}},"632":{"start":{"line":633,"column":0},"end":{"line":633,"column":25}},"633":{"start":{"line":634,"column":0},"end":{"line":634,"column":114}},"634":{"start":{"line":635,"column":0},"end":{"line":635,"column":111}},"635":{"start":{"line":636,"column":0},"end":{"line":636,"column":26}},"636":{"start":{"line":637,"column":0},"end":{"line":637,"column":22}},"637":{"start":{"line":638,"column":0},"end":{"line":638,"column":61}},"638":{"start":{"line":639,"column":0},"end":{"line":639,"column":27}},"639":{"start":{"line":640,"column":0},"end":{"line":640,"column":37}},"640":{"start":{"line":641,"column":0},"end":{"line":641,"column":72}},"641":{"start":{"line":642,"column":0},"end":{"line":642,"column":166}},"642":{"start":{"line":643,"column":0},"end":{"line":643,"column":21}},"643":{"start":{"line":644,"column":0},"end":{"line":644,"column":63}},"644":{"start":{"line":645,"column":0},"end":{"line":645,"column":31}},"645":{"start":{"line":646,"column":0},"end":{"line":646,"column":29}},"646":{"start":{"line":647,"column":0},"end":{"line":647,"column":27}},"647":{"start":{"line":648,"column":0},"end":{"line":648,"column":37}},"648":{"start":{"line":649,"column":0},"end":{"line":649,"column":75}},"649":{"start":{"line":650,"column":0},"end":{"line":650,"column":145}},"650":{"start":{"line":651,"column":0},"end":{"line":651,"column":21}},"651":{"start":{"line":652,"column":0},"end":{"line":652,"column":66}},"652":{"start":{"line":653,"column":0},"end":{"line":653,"column":35}},"653":{"start":{"line":654,"column":0},"end":{"line":654,"column":29}},"654":{"start":{"line":655,"column":0},"end":{"line":655,"column":22}},"655":{"start":{"line":656,"column":0},"end":{"line":656,"column":18}},"656":{"start":{"line":657,"column":0},"end":{"line":657,"column":14}},"657":{"start":{"line":658,"column":0},"end":{"line":658,"column":5}},"658":{"start":{"line":659,"column":0},"end":{"line":659,"column":1}},"659":{"start":{"line":660,"column":0},"end":{"line":660,"column":0}},"660":{"start":{"line":661,"column":0},"end":{"line":661,"column":62}},"661":{"start":{"line":662,"column":0},"end":{"line":662,"column":29}},"662":{"start":{"line":663,"column":0},"end":{"line":663,"column":25}},"663":{"start":{"line":664,"column":0},"end":{"line":664,"column":46}},"664":{"start":{"line":665,"column":0},"end":{"line":665,"column":4}},"665":{"start":{"line":666,"column":0},"end":{"line":666,"column":44}},"666":{"start":{"line":667,"column":0},"end":{"line":667,"column":56}},"667":{"start":{"line":668,"column":0},"end":{"line":668,"column":0}},"668":{"start":{"line":669,"column":0},"end":{"line":669,"column":47}},"669":{"start":{"line":670,"column":0},"end":{"line":670,"column":52}},"670":{"start":{"line":671,"column":0},"end":{"line":671,"column":67}},"671":{"start":{"line":672,"column":0},"end":{"line":672,"column":33}},"672":{"start":{"line":673,"column":0},"end":{"line":673,"column":9}},"673":{"start":{"line":674,"column":0},"end":{"line":674,"column":5}},"674":{"start":{"line":675,"column":0},"end":{"line":675,"column":0}},"675":{"start":{"line":676,"column":0},"end":{"line":676,"column":12}},"676":{"start":{"line":677,"column":0},"end":{"line":677,"column":35}},"677":{"start":{"line":678,"column":0},"end":{"line":678,"column":70}},"678":{"start":{"line":679,"column":0},"end":{"line":679,"column":62}},"679":{"start":{"line":680,"column":0},"end":{"line":680,"column":68}},"680":{"start":{"line":681,"column":0},"end":{"line":681,"column":69}},"681":{"start":{"line":682,"column":0},"end":{"line":682,"column":64}},"682":{"start":{"line":683,"column":0},"end":{"line":683,"column":18}},"683":{"start":{"line":684,"column":0},"end":{"line":684,"column":76}},"684":{"start":{"line":685,"column":0},"end":{"line":685,"column":102}},"685":{"start":{"line":686,"column":0},"end":{"line":686,"column":75}},"686":{"start":{"line":687,"column":0},"end":{"line":687,"column":118}},"687":{"start":{"line":688,"column":0},"end":{"line":688,"column":22}},"688":{"start":{"line":689,"column":0},"end":{"line":689,"column":95}},"689":{"start":{"line":690,"column":0},"end":{"line":690,"column":22}},"690":{"start":{"line":691,"column":0},"end":{"line":691,"column":14}},"691":{"start":{"line":692,"column":0},"end":{"line":692,"column":5}},"692":{"start":{"line":693,"column":0},"end":{"line":693,"column":1}},"693":{"start":{"line":694,"column":0},"end":{"line":694,"column":0}},"694":{"start":{"line":695,"column":0},"end":{"line":695,"column":79}},"695":{"start":{"line":696,"column":0},"end":{"line":696,"column":25}},"696":{"start":{"line":697,"column":0},"end":{"line":697,"column":48}},"697":{"start":{"line":698,"column":0},"end":{"line":698,"column":34}},"698":{"start":{"line":699,"column":0},"end":{"line":699,"column":4}},"699":{"start":{"line":700,"column":0},"end":{"line":700,"column":44}},"700":{"start":{"line":701,"column":0},"end":{"line":701,"column":56}},"701":{"start":{"line":702,"column":0},"end":{"line":702,"column":12}},"702":{"start":{"line":703,"column":0},"end":{"line":703,"column":35}},"703":{"start":{"line":704,"column":0},"end":{"line":704,"column":63}},"704":{"start":{"line":705,"column":0},"end":{"line":705,"column":23}},"705":{"start":{"line":706,"column":0},"end":{"line":706,"column":33}},"706":{"start":{"line":707,"column":0},"end":{"line":707,"column":48}},"707":{"start":{"line":708,"column":0},"end":{"line":708,"column":143}},"708":{"start":{"line":709,"column":0},"end":{"line":709,"column":17}},"709":{"start":{"line":710,"column":0},"end":{"line":710,"column":59}},"710":{"start":{"line":711,"column":0},"end":{"line":711,"column":36}},"711":{"start":{"line":712,"column":0},"end":{"line":712,"column":25}},"712":{"start":{"line":713,"column":0},"end":{"line":713,"column":18}},"713":{"start":{"line":714,"column":0},"end":{"line":714,"column":76}},"714":{"start":{"line":715,"column":0},"end":{"line":715,"column":102}},"715":{"start":{"line":716,"column":0},"end":{"line":716,"column":85}},"716":{"start":{"line":717,"column":0},"end":{"line":717,"column":110}},"717":{"start":{"line":718,"column":0},"end":{"line":718,"column":22}},"718":{"start":{"line":719,"column":0},"end":{"line":719,"column":97}},"719":{"start":{"line":720,"column":0},"end":{"line":720,"column":22}},"720":{"start":{"line":721,"column":0},"end":{"line":721,"column":14}},"721":{"start":{"line":722,"column":0},"end":{"line":722,"column":5}},"722":{"start":{"line":723,"column":0},"end":{"line":723,"column":1}},"723":{"start":{"line":724,"column":0},"end":{"line":724,"column":0}},"724":{"start":{"line":725,"column":0},"end":{"line":725,"column":65}},"725":{"start":{"line":726,"column":0},"end":{"line":726,"column":12}},"726":{"start":{"line":727,"column":0},"end":{"line":727,"column":72}},"727":{"start":{"line":728,"column":0},"end":{"line":728,"column":112}},"728":{"start":{"line":729,"column":0},"end":{"line":729,"column":39}},"729":{"start":{"line":730,"column":0},"end":{"line":730,"column":84}},"730":{"start":{"line":731,"column":0},"end":{"line":731,"column":17}},"731":{"start":{"line":732,"column":0},"end":{"line":732,"column":49}},"732":{"start":{"line":733,"column":0},"end":{"line":733,"column":83}},"733":{"start":{"line":734,"column":0},"end":{"line":734,"column":96}},"734":{"start":{"line":735,"column":0},"end":{"line":735,"column":32}},"735":{"start":{"line":736,"column":0},"end":{"line":736,"column":72}},"736":{"start":{"line":737,"column":0},"end":{"line":737,"column":69}},"737":{"start":{"line":738,"column":0},"end":{"line":738,"column":80}},"738":{"start":{"line":739,"column":0},"end":{"line":739,"column":33}},"739":{"start":{"line":740,"column":0},"end":{"line":740,"column":32}},"740":{"start":{"line":741,"column":0},"end":{"line":741,"column":68}},"741":{"start":{"line":742,"column":0},"end":{"line":742,"column":53}},"742":{"start":{"line":743,"column":0},"end":{"line":743,"column":78}},"743":{"start":{"line":744,"column":0},"end":{"line":744,"column":112}},"744":{"start":{"line":745,"column":0},"end":{"line":745,"column":102}},"745":{"start":{"line":746,"column":0},"end":{"line":746,"column":94}},"746":{"start":{"line":747,"column":0},"end":{"line":747,"column":108}},"747":{"start":{"line":748,"column":0},"end":{"line":748,"column":41}},"748":{"start":{"line":749,"column":0},"end":{"line":749,"column":37}},"749":{"start":{"line":750,"column":0},"end":{"line":750,"column":31}},"750":{"start":{"line":751,"column":0},"end":{"line":751,"column":32}},"751":{"start":{"line":752,"column":0},"end":{"line":752,"column":28}},"752":{"start":{"line":753,"column":0},"end":{"line":753,"column":22}},"753":{"start":{"line":754,"column":0},"end":{"line":754,"column":14}},"754":{"start":{"line":755,"column":0},"end":{"line":755,"column":18}},"755":{"start":{"line":756,"column":0},"end":{"line":756,"column":5}},"756":{"start":{"line":757,"column":0},"end":{"line":757,"column":1}},"757":{"start":{"line":758,"column":0},"end":{"line":758,"column":0}},"758":{"start":{"line":759,"column":0},"end":{"line":759,"column":72}},"759":{"start":{"line":760,"column":0},"end":{"line":760,"column":25}},"760":{"start":{"line":761,"column":0},"end":{"line":761,"column":37}},"761":{"start":{"line":762,"column":0},"end":{"line":762,"column":34}},"762":{"start":{"line":763,"column":0},"end":{"line":763,"column":25}},"763":{"start":{"line":764,"column":0},"end":{"line":764,"column":4}},"764":{"start":{"line":765,"column":0},"end":{"line":765,"column":12}},"765":{"start":{"line":766,"column":0},"end":{"line":766,"column":72}},"766":{"start":{"line":767,"column":0},"end":{"line":767,"column":98}},"767":{"start":{"line":768,"column":0},"end":{"line":768,"column":82}},"768":{"start":{"line":769,"column":0},"end":{"line":769,"column":23}},"769":{"start":{"line":770,"column":0},"end":{"line":770,"column":33}},"770":{"start":{"line":771,"column":0},"end":{"line":771,"column":39}},"771":{"start":{"line":772,"column":0},"end":{"line":772,"column":166}},"772":{"start":{"line":773,"column":0},"end":{"line":773,"column":17}},"773":{"start":{"line":774,"column":0},"end":{"line":774,"column":62}},"774":{"start":{"line":775,"column":0},"end":{"line":775,"column":29}},"775":{"start":{"line":776,"column":0},"end":{"line":776,"column":25}},"776":{"start":{"line":777,"column":0},"end":{"line":777,"column":18}},"777":{"start":{"line":778,"column":0},"end":{"line":778,"column":39}},"778":{"start":{"line":779,"column":0},"end":{"line":779,"column":80}},"779":{"start":{"line":780,"column":0},"end":{"line":780,"column":17}},"780":{"start":{"line":781,"column":0},"end":{"line":781,"column":49}},"781":{"start":{"line":782,"column":0},"end":{"line":782,"column":83}},"782":{"start":{"line":783,"column":0},"end":{"line":783,"column":96}},"783":{"start":{"line":784,"column":0},"end":{"line":784,"column":32}},"784":{"start":{"line":785,"column":0},"end":{"line":785,"column":72}},"785":{"start":{"line":786,"column":0},"end":{"line":786,"column":81}},"786":{"start":{"line":787,"column":0},"end":{"line":787,"column":67}},"787":{"start":{"line":788,"column":0},"end":{"line":788,"column":68}},"788":{"start":{"line":789,"column":0},"end":{"line":789,"column":33}},"789":{"start":{"line":790,"column":0},"end":{"line":790,"column":32}},"790":{"start":{"line":791,"column":0},"end":{"line":791,"column":68}},"791":{"start":{"line":792,"column":0},"end":{"line":792,"column":53}},"792":{"start":{"line":793,"column":0},"end":{"line":793,"column":44}},"793":{"start":{"line":794,"column":0},"end":{"line":794,"column":48}},"794":{"start":{"line":795,"column":0},"end":{"line":795,"column":50}},"795":{"start":{"line":796,"column":0},"end":{"line":796,"column":61}},"796":{"start":{"line":797,"column":0},"end":{"line":797,"column":55}},"797":{"start":{"line":798,"column":0},"end":{"line":798,"column":34}},"798":{"start":{"line":799,"column":0},"end":{"line":799,"column":31}},"799":{"start":{"line":800,"column":0},"end":{"line":800,"column":32}},"800":{"start":{"line":801,"column":0},"end":{"line":801,"column":28}},"801":{"start":{"line":802,"column":0},"end":{"line":802,"column":22}},"802":{"start":{"line":803,"column":0},"end":{"line":803,"column":14}},"803":{"start":{"line":804,"column":0},"end":{"line":804,"column":18}},"804":{"start":{"line":805,"column":0},"end":{"line":805,"column":5}},"805":{"start":{"line":806,"column":0},"end":{"line":806,"column":1}},"806":{"start":{"line":807,"column":0},"end":{"line":807,"column":0}},"807":{"start":{"line":808,"column":0},"end":{"line":808,"column":59}},"808":{"start":{"line":809,"column":0},"end":{"line":809,"column":22}},"809":{"start":{"line":810,"column":0},"end":{"line":810,"column":37}},"810":{"start":{"line":811,"column":0},"end":{"line":811,"column":34}},"811":{"start":{"line":812,"column":0},"end":{"line":812,"column":4}},"812":{"start":{"line":813,"column":0},"end":{"line":813,"column":61}},"813":{"start":{"line":814,"column":0},"end":{"line":814,"column":12}},"814":{"start":{"line":815,"column":0},"end":{"line":815,"column":41}},"815":{"start":{"line":816,"column":0},"end":{"line":816,"column":38}},"816":{"start":{"line":817,"column":0},"end":{"line":817,"column":94}},"817":{"start":{"line":818,"column":0},"end":{"line":818,"column":17}},"818":{"start":{"line":819,"column":0},"end":{"line":819,"column":66}},"819":{"start":{"line":820,"column":0},"end":{"line":820,"column":34}},"820":{"start":{"line":821,"column":0},"end":{"line":821,"column":114}},"821":{"start":{"line":822,"column":0},"end":{"line":822,"column":57}},"822":{"start":{"line":823,"column":0},"end":{"line":823,"column":31}},"823":{"start":{"line":824,"column":0},"end":{"line":824,"column":41}},"824":{"start":{"line":825,"column":0},"end":{"line":825,"column":67}},"825":{"start":{"line":826,"column":0},"end":{"line":826,"column":78}},"826":{"start":{"line":827,"column":0},"end":{"line":827,"column":25}},"827":{"start":{"line":828,"column":0},"end":{"line":828,"column":62}},"828":{"start":{"line":829,"column":0},"end":{"line":829,"column":33}},"829":{"start":{"line":830,"column":0},"end":{"line":830,"column":26}},"830":{"start":{"line":831,"column":0},"end":{"line":831,"column":21}},"831":{"start":{"line":832,"column":0},"end":{"line":832,"column":91}},"832":{"start":{"line":833,"column":0},"end":{"line":833,"column":18}},"833":{"start":{"line":834,"column":0},"end":{"line":834,"column":17}},"834":{"start":{"line":835,"column":0},"end":{"line":835,"column":70}},"835":{"start":{"line":836,"column":0},"end":{"line":836,"column":75}},"836":{"start":{"line":837,"column":0},"end":{"line":837,"column":17}},"837":{"start":{"line":838,"column":0},"end":{"line":838,"column":38}},"838":{"start":{"line":839,"column":0},"end":{"line":839,"column":54}},"839":{"start":{"line":840,"column":0},"end":{"line":840,"column":27}},"840":{"start":{"line":841,"column":0},"end":{"line":841,"column":37}},"841":{"start":{"line":842,"column":0},"end":{"line":842,"column":67}},"842":{"start":{"line":843,"column":0},"end":{"line":843,"column":154}},"843":{"start":{"line":844,"column":0},"end":{"line":844,"column":21}},"844":{"start":{"line":845,"column":0},"end":{"line":845,"column":60}},"845":{"start":{"line":846,"column":0},"end":{"line":846,"column":41}},"846":{"start":{"line":847,"column":0},"end":{"line":847,"column":29}},"847":{"start":{"line":848,"column":0},"end":{"line":848,"column":27}},"848":{"start":{"line":849,"column":0},"end":{"line":849,"column":37}},"849":{"start":{"line":850,"column":0},"end":{"line":850,"column":64}},"850":{"start":{"line":851,"column":0},"end":{"line":851,"column":154}},"851":{"start":{"line":852,"column":0},"end":{"line":852,"column":21}},"852":{"start":{"line":853,"column":0},"end":{"line":853,"column":66}},"853":{"start":{"line":854,"column":0},"end":{"line":854,"column":35}},"854":{"start":{"line":855,"column":0},"end":{"line":855,"column":29}},"855":{"start":{"line":856,"column":0},"end":{"line":856,"column":27}},"856":{"start":{"line":857,"column":0},"end":{"line":857,"column":37}},"857":{"start":{"line":858,"column":0},"end":{"line":858,"column":61}},"858":{"start":{"line":859,"column":0},"end":{"line":859,"column":166}},"859":{"start":{"line":860,"column":0},"end":{"line":860,"column":21}},"860":{"start":{"line":861,"column":0},"end":{"line":861,"column":63}},"861":{"start":{"line":862,"column":0},"end":{"line":862,"column":31}},"862":{"start":{"line":863,"column":0},"end":{"line":863,"column":29}},"863":{"start":{"line":864,"column":0},"end":{"line":864,"column":22}},"864":{"start":{"line":865,"column":0},"end":{"line":865,"column":17}},"865":{"start":{"line":866,"column":0},"end":{"line":866,"column":13}},"866":{"start":{"line":867,"column":0},"end":{"line":867,"column":5}},"867":{"start":{"line":868,"column":0},"end":{"line":868,"column":1}},"868":{"start":{"line":869,"column":0},"end":{"line":869,"column":0}},"869":{"start":{"line":870,"column":0},"end":{"line":870,"column":46}},"870":{"start":{"line":871,"column":0},"end":{"line":871,"column":0}},"871":{"start":{"line":872,"column":0},"end":{"line":872,"column":79}},"872":{"start":{"line":873,"column":0},"end":{"line":873,"column":76}},"873":{"start":{"line":874,"column":0},"end":{"line":874,"column":21}},"874":{"start":{"line":875,"column":0},"end":{"line":875,"column":18}},"875":{"start":{"line":876,"column":0},"end":{"line":876,"column":17}},"876":{"start":{"line":877,"column":0},"end":{"line":877,"column":21}},"877":{"start":{"line":878,"column":0},"end":{"line":878,"column":22}},"878":{"start":{"line":879,"column":0},"end":{"line":879,"column":1}},"879":{"start":{"line":880,"column":0},"end":{"line":880,"column":0}},"880":{"start":{"line":881,"column":0},"end":{"line":881,"column":22}},"881":{"start":{"line":882,"column":0},"end":{"line":882,"column":17}},"882":{"start":{"line":883,"column":0},"end":{"line":883,"column":24}},"883":{"start":{"line":884,"column":0},"end":{"line":884,"column":1}},"884":{"start":{"line":885,"column":0},"end":{"line":885,"column":0}},"885":{"start":{"line":886,"column":0},"end":{"line":886,"column":20}},"886":{"start":{"line":887,"column":0},"end":{"line":887,"column":15}},"887":{"start":{"line":888,"column":0},"end":{"line":888,"column":28}},"888":{"start":{"line":889,"column":0},"end":{"line":889,"column":19}},"889":{"start":{"line":890,"column":0},"end":{"line":890,"column":23}},"890":{"start":{"line":891,"column":0},"end":{"line":891,"column":18}},"891":{"start":{"line":892,"column":0},"end":{"line":892,"column":21}},"892":{"start":{"line":893,"column":0},"end":{"line":893,"column":22}},"893":{"start":{"line":894,"column":0},"end":{"line":894,"column":1}},"894":{"start":{"line":895,"column":0},"end":{"line":895,"column":0}},"895":{"start":{"line":896,"column":0},"end":{"line":896,"column":27}},"896":{"start":{"line":897,"column":0},"end":{"line":897,"column":81}},"897":{"start":{"line":898,"column":0},"end":{"line":898,"column":76}},"898":{"start":{"line":899,"column":0},"end":{"line":899,"column":56}},"899":{"start":{"line":900,"column":0},"end":{"line":900,"column":77}},"900":{"start":{"line":901,"column":0},"end":{"line":901,"column":49}},"901":{"start":{"line":902,"column":0},"end":{"line":902,"column":55}},"902":{"start":{"line":903,"column":0},"end":{"line":903,"column":46}},"903":{"start":{"line":904,"column":0},"end":{"line":904,"column":82}},"904":{"start":{"line":905,"column":0},"end":{"line":905,"column":0}},"905":{"start":{"line":906,"column":0},"end":{"line":906,"column":63}},"906":{"start":{"line":907,"column":0},"end":{"line":907,"column":24}},"907":{"start":{"line":908,"column":0},"end":{"line":908,"column":22}},"908":{"start":{"line":909,"column":0},"end":{"line":909,"column":33}},"909":{"start":{"line":910,"column":0},"end":{"line":910,"column":13}},"910":{"start":{"line":911,"column":0},"end":{"line":911,"column":73}},"911":{"start":{"line":912,"column":0},"end":{"line":912,"column":51}},"912":{"start":{"line":913,"column":0},"end":{"line":913,"column":85}},"913":{"start":{"line":914,"column":0},"end":{"line":914,"column":14}},"914":{"start":{"line":915,"column":0},"end":{"line":915,"column":73}},"915":{"start":{"line":916,"column":0},"end":{"line":916,"column":57}},"916":{"start":{"line":917,"column":0},"end":{"line":917,"column":34}},"917":{"start":{"line":918,"column":0},"end":{"line":918,"column":32}},"918":{"start":{"line":919,"column":0},"end":{"line":919,"column":85}},"919":{"start":{"line":920,"column":0},"end":{"line":920,"column":19}},"920":{"start":{"line":921,"column":0},"end":{"line":921,"column":29}},"921":{"start":{"line":922,"column":0},"end":{"line":922,"column":9}},"922":{"start":{"line":923,"column":0},"end":{"line":923,"column":5}},"923":{"start":{"line":924,"column":0},"end":{"line":924,"column":0}},"924":{"start":{"line":925,"column":0},"end":{"line":925,"column":21}},"925":{"start":{"line":926,"column":0},"end":{"line":926,"column":42}},"926":{"start":{"line":927,"column":0},"end":{"line":927,"column":10}},"927":{"start":{"line":928,"column":0},"end":{"line":928,"column":0}},"928":{"start":{"line":929,"column":0},"end":{"line":929,"column":46}},"929":{"start":{"line":930,"column":0},"end":{"line":930,"column":33}},"930":{"start":{"line":931,"column":0},"end":{"line":931,"column":30}},"931":{"start":{"line":932,"column":0},"end":{"line":932,"column":5}},"932":{"start":{"line":933,"column":0},"end":{"line":933,"column":0}},"933":{"start":{"line":934,"column":0},"end":{"line":934,"column":79}},"934":{"start":{"line":935,"column":0},"end":{"line":935,"column":43}},"935":{"start":{"line":936,"column":0},"end":{"line":936,"column":18}},"936":{"start":{"line":937,"column":0},"end":{"line":937,"column":9}},"937":{"start":{"line":938,"column":0},"end":{"line":938,"column":148}},"938":{"start":{"line":939,"column":0},"end":{"line":939,"column":18}},"939":{"start":{"line":940,"column":0},"end":{"line":940,"column":9}},"940":{"start":{"line":941,"column":0},"end":{"line":941,"column":27}},"941":{"start":{"line":942,"column":0},"end":{"line":942,"column":22}},"942":{"start":{"line":943,"column":0},"end":{"line":943,"column":33}},"943":{"start":{"line":944,"column":0},"end":{"line":944,"column":13}},"944":{"start":{"line":945,"column":0},"end":{"line":945,"column":72}},"945":{"start":{"line":946,"column":0},"end":{"line":946,"column":39}},"946":{"start":{"line":947,"column":0},"end":{"line":947,"column":37}},"947":{"start":{"line":948,"column":0},"end":{"line":948,"column":24}},"948":{"start":{"line":949,"column":0},"end":{"line":949,"column":47}},"949":{"start":{"line":950,"column":0},"end":{"line":950,"column":14}},"950":{"start":{"line":951,"column":0},"end":{"line":951,"column":106}},"951":{"start":{"line":952,"column":0},"end":{"line":952,"column":26}},"952":{"start":{"line":953,"column":0},"end":{"line":953,"column":52}},"953":{"start":{"line":954,"column":0},"end":{"line":954,"column":113}},"954":{"start":{"line":955,"column":0},"end":{"line":955,"column":41}},"955":{"start":{"line":956,"column":0},"end":{"line":956,"column":20}},"956":{"start":{"line":957,"column":0},"end":{"line":957,"column":84}},"957":{"start":{"line":958,"column":0},"end":{"line":958,"column":41}},"958":{"start":{"line":959,"column":0},"end":{"line":959,"column":13}},"959":{"start":{"line":960,"column":0},"end":{"line":960,"column":32}},"960":{"start":{"line":961,"column":0},"end":{"line":961,"column":35}},"961":{"start":{"line":962,"column":0},"end":{"line":962,"column":90}},"962":{"start":{"line":963,"column":0},"end":{"line":963,"column":19}},"963":{"start":{"line":964,"column":0},"end":{"line":964,"column":32}},"964":{"start":{"line":965,"column":0},"end":{"line":965,"column":9}},"965":{"start":{"line":966,"column":0},"end":{"line":966,"column":5}},"966":{"start":{"line":967,"column":0},"end":{"line":967,"column":0}},"967":{"start":{"line":968,"column":0},"end":{"line":968,"column":12}},"968":{"start":{"line":969,"column":0},"end":{"line":969,"column":35}},"969":{"start":{"line":970,"column":0},"end":{"line":970,"column":74}},"970":{"start":{"line":971,"column":0},"end":{"line":971,"column":69}},"971":{"start":{"line":972,"column":0},"end":{"line":972,"column":76}},"972":{"start":{"line":973,"column":0},"end":{"line":973,"column":118}},"973":{"start":{"line":974,"column":0},"end":{"line":974,"column":25}},"974":{"start":{"line":975,"column":0},"end":{"line":975,"column":87}},"975":{"start":{"line":976,"column":0},"end":{"line":976,"column":138}},"976":{"start":{"line":977,"column":0},"end":{"line":977,"column":26}},"977":{"start":{"line":978,"column":0},"end":{"line":978,"column":236}},"978":{"start":{"line":979,"column":0},"end":{"line":979,"column":66}},"979":{"start":{"line":980,"column":0},"end":{"line":980,"column":33}},"980":{"start":{"line":981,"column":0},"end":{"line":981,"column":29}},"981":{"start":{"line":982,"column":0},"end":{"line":982,"column":22}},"982":{"start":{"line":983,"column":0},"end":{"line":983,"column":78}},"983":{"start":{"line":984,"column":0},"end":{"line":984,"column":78}},"984":{"start":{"line":985,"column":0},"end":{"line":985,"column":60}},"985":{"start":{"line":986,"column":0},"end":{"line":986,"column":31}},"986":{"start":{"line":987,"column":0},"end":{"line":987,"column":45}},"987":{"start":{"line":988,"column":0},"end":{"line":988,"column":41}},"988":{"start":{"line":989,"column":0},"end":{"line":989,"column":69}},"989":{"start":{"line":990,"column":0},"end":{"line":990,"column":184}},"990":{"start":{"line":991,"column":0},"end":{"line":991,"column":25}},"991":{"start":{"line":992,"column":0},"end":{"line":992,"column":119}},"992":{"start":{"line":993,"column":0},"end":{"line":993,"column":91}},"993":{"start":{"line":994,"column":0},"end":{"line":994,"column":129}},"994":{"start":{"line":995,"column":0},"end":{"line":995,"column":33}},"995":{"start":{"line":996,"column":0},"end":{"line":996,"column":23}},"996":{"start":{"line":997,"column":0},"end":{"line":997,"column":22}},"997":{"start":{"line":998,"column":0},"end":{"line":998,"column":22}},"998":{"start":{"line":999,"column":0},"end":{"line":999,"column":0}},"999":{"start":{"line":1000,"column":0},"end":{"line":1000,"column":95}},"1000":{"start":{"line":1001,"column":0},"end":{"line":1001,"column":76}},"1001":{"start":{"line":1002,"column":0},"end":{"line":1002,"column":72}},"1002":{"start":{"line":1003,"column":0},"end":{"line":1003,"column":85}},"1003":{"start":{"line":1004,"column":0},"end":{"line":1004,"column":127}},"1004":{"start":{"line":1005,"column":0},"end":{"line":1005,"column":26}},"1005":{"start":{"line":1006,"column":0},"end":{"line":1006,"column":53}},"1006":{"start":{"line":1007,"column":0},"end":{"line":1007,"column":87}},"1007":{"start":{"line":1008,"column":0},"end":{"line":1008,"column":100}},"1008":{"start":{"line":1009,"column":0},"end":{"line":1009,"column":36}},"1009":{"start":{"line":1010,"column":0},"end":{"line":1010,"column":71}},"1010":{"start":{"line":1011,"column":0},"end":{"line":1011,"column":73}},"1011":{"start":{"line":1012,"column":0},"end":{"line":1012,"column":73}},"1012":{"start":{"line":1013,"column":0},"end":{"line":1013,"column":71}},"1013":{"start":{"line":1014,"column":0},"end":{"line":1014,"column":37}},"1014":{"start":{"line":1015,"column":0},"end":{"line":1015,"column":36}},"1015":{"start":{"line":1016,"column":0},"end":{"line":1016,"column":72}},"1016":{"start":{"line":1017,"column":0},"end":{"line":1017,"column":56}},"1017":{"start":{"line":1018,"column":0},"end":{"line":1018,"column":39}},"1018":{"start":{"line":1019,"column":0},"end":{"line":1019,"column":54}},"1019":{"start":{"line":1020,"column":0},"end":{"line":1020,"column":79}},"1020":{"start":{"line":1021,"column":0},"end":{"line":1021,"column":139}},"1021":{"start":{"line":1022,"column":0},"end":{"line":1022,"column":37}},"1022":{"start":{"line":1023,"column":0},"end":{"line":1023,"column":134}},"1023":{"start":{"line":1024,"column":0},"end":{"line":1024,"column":110}},"1024":{"start":{"line":1025,"column":0},"end":{"line":1025,"column":66}},"1025":{"start":{"line":1026,"column":0},"end":{"line":1026,"column":104}},"1026":{"start":{"line":1027,"column":0},"end":{"line":1027,"column":135}},"1027":{"start":{"line":1028,"column":0},"end":{"line":1028,"column":45}},"1028":{"start":{"line":1029,"column":0},"end":{"line":1029,"column":66}},"1029":{"start":{"line":1030,"column":0},"end":{"line":1030,"column":117}},"1030":{"start":{"line":1031,"column":0},"end":{"line":1031,"column":132}},"1031":{"start":{"line":1032,"column":0},"end":{"line":1032,"column":45}},"1032":{"start":{"line":1033,"column":0},"end":{"line":1033,"column":41}},"1033":{"start":{"line":1034,"column":0},"end":{"line":1034,"column":35}},"1034":{"start":{"line":1035,"column":0},"end":{"line":1035,"column":36}},"1035":{"start":{"line":1036,"column":0},"end":{"line":1036,"column":32}},"1036":{"start":{"line":1037,"column":0},"end":{"line":1037,"column":26}},"1037":{"start":{"line":1038,"column":0},"end":{"line":1038,"column":118}},"1038":{"start":{"line":1039,"column":0},"end":{"line":1039,"column":22}},"1039":{"start":{"line":1040,"column":0},"end":{"line":1040,"column":0}},"1040":{"start":{"line":1041,"column":0},"end":{"line":1041,"column":76}},"1041":{"start":{"line":1042,"column":0},"end":{"line":1042,"column":107}},"1042":{"start":{"line":1043,"column":0},"end":{"line":1043,"column":38}},"1043":{"start":{"line":1044,"column":0},"end":{"line":1044,"column":55}},"1044":{"start":{"line":1045,"column":0},"end":{"line":1045,"column":41}},"1045":{"start":{"line":1046,"column":0},"end":{"line":1046,"column":41}},"1046":{"start":{"line":1047,"column":0},"end":{"line":1047,"column":92}},"1047":{"start":{"line":1048,"column":0},"end":{"line":1048,"column":72}},"1048":{"start":{"line":1049,"column":0},"end":{"line":1049,"column":74}},"1049":{"start":{"line":1050,"column":0},"end":{"line":1050,"column":34}},"1050":{"start":{"line":1051,"column":0},"end":{"line":1051,"column":30}},"1051":{"start":{"line":1052,"column":0},"end":{"line":1052,"column":66}},"1052":{"start":{"line":1053,"column":0},"end":{"line":1053,"column":39}},"1053":{"start":{"line":1054,"column":0},"end":{"line":1054,"column":49}},"1054":{"start":{"line":1055,"column":0},"end":{"line":1055,"column":92}},"1055":{"start":{"line":1056,"column":0},"end":{"line":1056,"column":57}},"1056":{"start":{"line":1057,"column":0},"end":{"line":1057,"column":230}},"1057":{"start":{"line":1058,"column":0},"end":{"line":1058,"column":33}},"1058":{"start":{"line":1059,"column":0},"end":{"line":1059,"column":78}},"1059":{"start":{"line":1060,"column":0},"end":{"line":1060,"column":43}},"1060":{"start":{"line":1061,"column":0},"end":{"line":1061,"column":41}},"1061":{"start":{"line":1062,"column":0},"end":{"line":1062,"column":39}},"1062":{"start":{"line":1063,"column":0},"end":{"line":1063,"column":49}},"1063":{"start":{"line":1064,"column":0},"end":{"line":1064,"column":91}},"1064":{"start":{"line":1065,"column":0},"end":{"line":1065,"column":57}},"1065":{"start":{"line":1066,"column":0},"end":{"line":1066,"column":207}},"1066":{"start":{"line":1067,"column":0},"end":{"line":1067,"column":33}},"1067":{"start":{"line":1068,"column":0},"end":{"line":1068,"column":78}},"1068":{"start":{"line":1069,"column":0},"end":{"line":1069,"column":48}},"1069":{"start":{"line":1070,"column":0},"end":{"line":1070,"column":41}},"1070":{"start":{"line":1071,"column":0},"end":{"line":1071,"column":34}},"1071":{"start":{"line":1072,"column":0},"end":{"line":1072,"column":33}},"1072":{"start":{"line":1073,"column":0},"end":{"line":1073,"column":114}},"1073":{"start":{"line":1074,"column":0},"end":{"line":1074,"column":151}},"1074":{"start":{"line":1075,"column":0},"end":{"line":1075,"column":34}},"1075":{"start":{"line":1076,"column":0},"end":{"line":1076,"column":33}},"1076":{"start":{"line":1077,"column":0},"end":{"line":1077,"column":122}},"1077":{"start":{"line":1078,"column":0},"end":{"line":1078,"column":185}},"1078":{"start":{"line":1079,"column":0},"end":{"line":1079,"column":34}},"1079":{"start":{"line":1080,"column":0},"end":{"line":1080,"column":30}},"1080":{"start":{"line":1081,"column":0},"end":{"line":1081,"column":25}},"1081":{"start":{"line":1082,"column":0},"end":{"line":1082,"column":99}},"1082":{"start":{"line":1083,"column":0},"end":{"line":1083,"column":22}},"1083":{"start":{"line":1084,"column":0},"end":{"line":1084,"column":22}},"1084":{"start":{"line":1085,"column":0},"end":{"line":1085,"column":22}},"1085":{"start":{"line":1086,"column":0},"end":{"line":1086,"column":14}},"1086":{"start":{"line":1087,"column":0},"end":{"line":1087,"column":5}},"1087":{"start":{"line":1088,"column":0},"end":{"line":1088,"column":1}},"1088":{"start":{"line":1089,"column":0},"end":{"line":1089,"column":0}},"1089":{"start":{"line":1090,"column":0},"end":{"line":1090,"column":84}},"1090":{"start":{"line":1091,"column":0},"end":{"line":1091,"column":55}},"1091":{"start":{"line":1092,"column":0},"end":{"line":1092,"column":52}},"1092":{"start":{"line":1093,"column":0},"end":{"line":1093,"column":59}},"1093":{"start":{"line":1094,"column":0},"end":{"line":1094,"column":44}},"1094":{"start":{"line":1095,"column":0},"end":{"line":1095,"column":55}},"1095":{"start":{"line":1096,"column":0},"end":{"line":1096,"column":46}},"1096":{"start":{"line":1097,"column":0},"end":{"line":1097,"column":0}},"1097":{"start":{"line":1098,"column":0},"end":{"line":1098,"column":69}},"1098":{"start":{"line":1099,"column":0},"end":{"line":1099,"column":0}},"1099":{"start":{"line":1100,"column":0},"end":{"line":1100,"column":21}},"1100":{"start":{"line":1101,"column":0},"end":{"line":1101,"column":20}},"1101":{"start":{"line":1102,"column":0},"end":{"line":1102,"column":29}},"1102":{"start":{"line":1103,"column":0},"end":{"line":1103,"column":18}},"1103":{"start":{"line":1104,"column":0},"end":{"line":1104,"column":9}},"1104":{"start":{"line":1105,"column":0},"end":{"line":1105,"column":45}},"1105":{"start":{"line":1106,"column":0},"end":{"line":1106,"column":26}},"1106":{"start":{"line":1107,"column":0},"end":{"line":1107,"column":45}},"1107":{"start":{"line":1108,"column":0},"end":{"line":1108,"column":14}},"1108":{"start":{"line":1109,"column":0},"end":{"line":1109,"column":0}},"1109":{"start":{"line":1110,"column":0},"end":{"line":1110,"column":38}},"1110":{"start":{"line":1111,"column":0},"end":{"line":1111,"column":25}},"1111":{"start":{"line":1112,"column":0},"end":{"line":1112,"column":18}},"1112":{"start":{"line":1113,"column":0},"end":{"line":1113,"column":9}},"1113":{"start":{"line":1114,"column":0},"end":{"line":1114,"column":27}},"1114":{"start":{"line":1115,"column":0},"end":{"line":1115,"column":22}},"1115":{"start":{"line":1116,"column":0},"end":{"line":1116,"column":39}},"1116":{"start":{"line":1117,"column":0},"end":{"line":1117,"column":47}},"1117":{"start":{"line":1118,"column":0},"end":{"line":1118,"column":46}},"1118":{"start":{"line":1119,"column":0},"end":{"line":1119,"column":28}},"1119":{"start":{"line":1120,"column":0},"end":{"line":1120,"column":45}},"1120":{"start":{"line":1121,"column":0},"end":{"line":1121,"column":9}},"1121":{"start":{"line":1122,"column":0},"end":{"line":1122,"column":0}},"1122":{"start":{"line":1123,"column":0},"end":{"line":1123,"column":13}},"1123":{"start":{"line":1124,"column":0},"end":{"line":1124,"column":77}},"1124":{"start":{"line":1125,"column":0},"end":{"line":1125,"column":74}},"1125":{"start":{"line":1126,"column":0},"end":{"l
[...]
":2910},"123":{"name":"engineLabel","decl":{"start":{"line":2918,"column":0},"end":{"line":2924,"column":1}},"loc":{"start":{"line":2918,"column":0},"end":{"line":2924,"column":1}},"line":2918},"124":{"name":"EmailSettingsPanel","decl":{"start":{"line":2926,"column":0},"end":{"line":3006,"column":1}},"loc":{"start":{"line":2926,"column":0},"end":{"line":3006,"column":1}},"line":2926},"125":{"name":"updateField","decl":{"start":{"line":2932,"column":24},"end":{"line":2934,"column":5}},"loc":{"start":{"line":2932,"column":24},"end":{"line":2934,"column":5}},"line":2932},"126":{"name":"onChange","decl":{"start":{"line":2957,"column":100},"end":{"line":2957,"column":156}},"loc":{"start":{"line":2957,"column":100},"end":{"line":2957,"column":156}},"line":2957},"127":{"name":"onChange","decl":{"start":{"line":2964,"column":116},"end":{"line":2964,"column":187}},"loc":{"start":{"line":2964,"column":116},"end":{"line":2964,"column":187}},"line":2964},"128":{"name":"onChange","decl":{"start":{"line":2970,"column":99},"end":{"line":2970,"column":159}},"loc":{"start":{"line":2970,"column":99},"end":{"line":2970,"column":159}},"line":2970},"129":{"name":"onChange","decl":{"start":{"line":2973,"column":96},"end":{"line":2973,"column":153}},"loc":{"start":{"line":2973,"column":96},"end":{"line":2973,"column":153}},"line":2973},"130":{"name":"onChange","decl":{"start":{"line":2976,"column":124},"end":{"line":2976,"column":181}},"loc":{"start":{"line":2976,"column":124},"end":{"line":2976,"column":181}},"line":2976},"131":{"name":"onChange","decl":{"start":{"line":2979,"column":95},"end":{"line":2979,"column":151}},"loc":{"start":{"line":2979,"column":95},"end":{"line":2979,"column":151}},"line":2979},"132":{"name":"onChange","decl":{"start":{"line":2985,"column":98},"end":{"line":2985,"column":157}},"loc":{"start":{"line":2985,"column":98},"end":{"line":2985,"column":157}},"line":2985},"133":{"name":"onChange","decl":{"start":{"line":2993,"column":109},"end":{"line":2993,"column":179}},"loc":{"start":{"line":2993,"column":109},"end":{"line":2993,"column":179}},"line":2993},"134":{"name":"onChange","decl":{"start":{"line":2996,"column":130},"end":{"line":2996,"column":195}},"loc":{"start":{"line":2996,"column":130},"end":{"line":2996,"column":195}},"line":2996},"135":{"name":"onChange","decl":{"start":{"line":2999,"column":118},"end":{"line":2999,"column":181}},"loc":{"start":{"line":2999,"column":118},"end":{"line":2999,"column":181}},"line":2999},"136":{"name":"WhatsAppSettingsPanel","decl":{"start":{"line":3008,"column":0},"end":{"line":3065,"column":1}},"loc":{"start":{"line":3008,"column":0},"end":{"line":3065,"column":1}},"line":3008},"137":{"name":"IntegrationSettingsPanel","decl":{"start":{"line":3067,"column":0},"end":{"line":3151,"column":1}},"loc":{"start":{"line":3067,"column":0},"end":{"line":3151,"column":1}},"line":3067},"138":{"name":"updateField","decl":{"start":{"line":3072,"column":24},"end":{"line":3074,"column":5}},"loc":{"start":{"line":3072,"column":24},"end":{"line":3074,"column":5}},"line":3072},"139":{"name":"onChange","decl":{"start":{"line":3096,"column":42},"end":{"line":3096,"column":126}},"loc":{"start":{"line":3096,"column":42},"end":{"line":3096,"column":126}},"line":3096},"140":{"name":"onChange","decl":{"start":{"line":3106,"column":42},"end":{"line":3106,"column":108}},"loc":{"start":{"line":3106,"column":42},"end":{"line":3106,"column":108}},"line":3106},"141":{"name":"onChange","decl":{"start":{"line":3113,"column":42},"end":{"line":3113,"column":111}},"loc":{"start":{"line":3113,"column":42},"end":{"line":3113,"column":111}},"line":3113},"142":{"name":"onChange","decl":{"start":{"line":3128,"column":42},"end":{"line":3128,"column":109}},"loc":{"start":{"line":3128,"column":42},"end":{"line":3128,"column":109}},"line":3128},"143":{"name":"onChange","decl":{"start":{"line":3139,"column":42},"end":{"line":3139,"column":105}},"loc":{"start":{"line":3139,"column":42},"end":{"line":3139,"column":105}},"line":3139},"144":{"name":"ConfigIntro","decl":{"start":{"line":3153,"column":0},"end":{"line":3160,"column":1}},"loc":{"start":{"line":3153,"column":0},"end":{"line":3160,"column":1}},"line":3153},"145":{"name":"ActiveTemplateHeader","decl":{"start":{"line":3162,"column":0},"end":{"line":3189,"column":1}},"loc":{"start":{"line":3162,"column":0},"end":{"line":3189,"column":1}},"line":3162},"146":{"name":"SettingsStepActions","decl":{"start":{"line":3191,"column":0},"end":{"line":3210,"column":1}},"loc":{"start":{"line":3191,"column":0},"end":{"line":3210,"column":1}},"line":3191},"147":{"name":"HintPanel","decl":{"start":{"line":3212,"column":0},"end":{"line":3234,"column":1}},"loc":{"start":{"line":3212,"column":0},"end":{"line":3234,"column":1}},"line":3212},"148":{"name":"onClick","decl":{"start":{"line":3225,"column":59},"end":{"line":3225,"column":78}},"loc":{"start":{"line":3225,"column":59},"end":{"line":3225,"column":78}},"line":3225},"149":{"name":"ReferenceDocumentPanel","decl":{"start":{"line":3236,"column":0},"end":{"line":3305,"column":1}},"loc":{"start":{"line":3236,"column":0},"end":{"line":3305,"column":1}},"line":3236},"150":{"name":"DocumentPreview","decl":{"start":{"line":3307,"column":0},"end":{"line":3324,"column":1}},"loc":{"start":{"line":3307,"column":0},"end":{"line":3324,"column":1}},"line":3307},"151":{"name":"HighlightedOcrText","decl":{"start":{"line":3326,"column":0},"end":{"line":3344,"column":1}},"loc":{"start":{"line":3326,"column":0},"end":{"line":3344,"column":1}},"line":3326},"152":{"name":"SchemaFieldsEditor","decl":{"start":{"line":3346,"column":0},"end":{"line":3400,"column":1}},"loc":{"start":{"line":3346,"column":0},"end":{"line":3400,"column":1}},"line":3346},"153":{"name":"ExamplesEditor","decl":{"start":{"line":3402,"column":0},"end":{"line":3438,"column":1}},"loc":{"start":{"line":3402,"column":0},"end":{"line":3438,"column":1}},"line":3402},"154":{"name":"EmailMetadataModal","decl":{"start":{"line":3447,"column":0},"end":{"line":3554,"column":1}},"loc":{"start":{"line":3447,"column":0},"end":{"line":3554,"column":1}},"line":3447},"155":{"name":"DocumentTable","decl":{"start":{"line":3556,"column":0},"end":{"line":3732,"column":1}},"loc":{"start":{"line":3556,"column":0},"end":{"line":3732,"column":1}},"line":3556},"156":{"name":"handleSort","decl":{"start":{"line":3578,"column":4},"end":{"line":3585,"column":5}},"loc":{"start":{"line":3578,"column":4},"end":{"line":3585,"column":5}},"line":3578},"157":{"name":"toggleAll","decl":{"start":{"line":3619,"column":4},"end":{"line":3629,"column":5}},"loc":{"start":{"line":3619,"column":4},"end":{"line":3629,"column":5}},"line":3619},"158":{"name":"toggleOne","decl":{"start":{"line":3631,"column":4},"end":{"line":3638,"column":5}},"loc":{"start":{"line":3631,"column":4},"end":{"line":3638,"column":5}},"line":3631},"159":{"name":"indicator","decl":{"start":{"line":3640,"column":22},"end":{"line":3643,"column":75}},"loc":{"start":{"line":3640,"column":22},"end":{"line":3643,"column":75}},"line":3640},"160":{"name":"onClick","decl":{"start":{"line":3658,"column":71},"end":{"line":3658,"column":99}},"loc":{"start":{"line":3658,"column":71},"end":{"line":3658,"column":99}},"line":3658},"161":{"name":"onClick","decl":{"start":{"line":3669,"column":61},"end":{"line":3669,"column":90}},"loc":{"start":{"line":3669,"column":61},"end":{"line":3669,"column":90}},"line":3669},"162":{"name":"onClick","decl":{"start":{"line":3670,"column":61},"end":{"line":3670,"column":89}},"loc":{"start":{"line":3670,"column":61},"end":{"line":3670,"column":89}},"line":3670},"163":{"name":"onClick","decl":{"start":{"line":3671,"column":79},"end":{"line":3671,"column":106}},"loc":{"start":{"line":3671,"column":79},"end":{"line":3671,"column":106}},"line":3671},"164":{"name":"onClick","decl":{"start":{"line":3672,"column":79},"end":{"line":3672,"column":105}},"loc":{"start":{"line":3672,"column":79},"end":{"line":3672,"column":105}},"line":3672},"165":{"name":"onClick","decl":{"start":{"line":3673,"column":61},"end":{"line":3673,"column":93}},"loc":{"start":{"line":3673,"column":61},"end":{"line":3673,"column":93}},"line":3673},"166":{"name":"onClick","decl":{"start":{"line":3684,"column":45},"end":{"line":3684,"column":81}},"loc":{"start":{"line":3684,"column":45},"end":{"line":3684,"column":81}},"line":3684},"167":{"name":"onClick","decl":{"start":{"line":3690,"column":75},"end":{"line":3690,"column":103}},"loc":{"start":{"line":3690,"column":75},"end":{"line":3690,"column":103}},"line":3690},"168":{"name":"onChange","decl":{"start":{"line":3694,"column":58},"end":{"line":3694,"column":91}},"loc":{"start":{"line":3694,"column":58},"end":{"line":3694,"column":91}},"line":3694},"169":{"name":"onClick","decl":{"start":{"line":3713,"column":71},"end":{"line":3713,"column":99}},"loc":{"start":{"line":3713,"column":71},"end":{"line":3713,"column":99}},"line":3713},"170":{"name":"onClick","decl":{"start":{"line":3717,"column":53},"end":{"line":3717,"column":222}},"loc":{"start":{"line":3717,"column":53},"end":{"line":3717,"column":222}},"line":3717},"171":{"name":"onClose","decl":{"start":{"line":3729,"column":79},"end":{"line":3729,"column":109}},"loc":{"start":{"line":3729,"column":79},"end":{"line":3729,"column":109}},"line":3729},"172":{"name":"Metric","decl":{"start":{"line":3734,"column":0},"end":{"line":3741,"column":1}},"loc":{"start":{"line":3734,"column":0},"end":{"line":3741,"column":1}},"line":3734},"173":{"name":"ConfigList","decl":{"start":{"line":3743,"column":0},"end":{"line":3766,"column":1}},"loc":{"start":{"line":3743,"column":0},"end":{"line":3766,"column":1}},"line":3743},"174":{"name":"Field","decl":{"start":{"line":3768,"column":0},"end":{"line":3775,"column":1}},"loc":{"start":{"line":3768,"column":0},"end":{"line":3775,"column":1}},"line":3768},"175":{"name":"Alert","decl":{"start":{"line":3777,"column":0},"end":{"line":3782,"column":1}},"loc":{"start":{"line":3777,"column":0},"end":{"line":3782,"column":1}},"line":3777},"176":{"name":"EmptyState","decl":{"start":{"line":3784,"column":0},"end":{"line":3791,"column":1}},"loc":{"start":{"line":3784,"column":0},"end":{"line":3791,"column":1}},"line":3784},"177":{"name":"SearchInput","decl":{"start":{"line":3793,"column":0},"end":{"line":3807,"column":1}},"loc":{"start":{"line":3793,"column":0},"end":{"line":3807,"column":1}},"line":3793},"178":{"name":"onChange","decl":{"start":{"line":3802,"column":22},"end":{"line":3802,"column":54}},"loc":{"start":{"line":3802,"column":22},"end":{"line":3802,"column":54}},"line":3802},"179":{"name":"StatusBadge","decl":{"start":{"line":3809,"column":0},"end":{"line":3818,"column":1}},"loc":{"start":{"line":3809,"column":0},"end":{"line":3818,"column":1}},"line":3809},"180":{"name":"KeyValueGrid","decl":{"start":{"line":3820,"column":0},"end":{"line":3831,"column":1}},"loc":{"start":{"line":3820,"column":0},"end":{"line":3831,"column":1}},"line":3820},"181":{"name":"buildMetrics","decl":{"start":{"line":3833,"column":0},"end":{"line":3844,"column":1}},"loc":{"start":{"line":3833,"column":0},"end":{"line":3844,"column":1}},"line":3833},"182":{"name":"documents.reduce.total","decl":{"start":{"line":3835,"column":8},"end":{"line":3841,"column":10}},"loc":{"start":{"line":3835,"column":8},"end":{"line":3841,"column":10}},"line":3835},"183":{"name":"viewTitle","decl":{"start":{"line":3846,"column":0},"end":{"line":3848,"column":1}},"loc":{"start":{"line":3846,"column":0},"end":{"line":3848,"column":1}},"line":3846},"184":{"name":"formatDate","decl":{"start":{"line":3850,"column":0},"end":{"line":3858,"column":1}},"loc":{"start":{"line":3850,"column":0},"end":{"line":3858,"column":1}},"line":3850},"185":{"name":"parseFieldEntry","decl":{"start":{"line":3860,"column":0},"end":{"line":3880,"column":1}},"loc":{"start":{"line":3860,"column":0},"end":{"line":3880,"column":1}},"line":3860},"186":{"name":"buildLangExtractDefinition","decl":{"start":{"line":3882,"column":0},"end":{"line":3927,"column":1}},"loc":{"start":{"line":3882,"column":0},"end":{"line":3927,"column":1}},"line":3882},"187":{"name":"buildLangExtractPreview","decl":{"start":{"line":3929,"column":0},"end":{"line":3944,"column":1}},"loc":{"start":{"line":3929,"column":0},"end":{"line":3944,"column":1}},"line":3929},"188":{"name":"findLikelySourceLine","decl":{"start":{"line":3946,"column":0},"end":{"line":3952,"column":1}},"loc":{"start":{"line":3946,"column":0},"end":{"line":3952,"column":1}},"line":3946},"189":{"name":"renderHighlightedText","decl":{"start":{"line":3954,"column":0},"end":{"line":3969,"column":1}},"loc":{"start":{"line":3954,"column":0},"end":{"line":3969,"column":1}},"line":3954},"190":{"name":"normalizeSearchText","decl":{"start":{"line":3971,"column":0},"end":{"line":3973,"column":1}},"loc":{"start":{"line":3971,"column":0},"end":{"line":3973,"column":1}},"line":3971},"191":{"name":"escapeRegExp","decl":{"start":{"line":3975,"column":0},"end":{"line":3977,"column":1}},"loc":{"start":{"line":3975,"column":0},"end":{"line":3977,"column":1}},"line":3975},"192":{"name":"asApiError","decl":{"start":{"line":3988,"column":0},"end":{"line":3990,"column":1}},"loc":{"start":{"line":3988,"column":0},"end":{"line":3990,"column":1}},"line":3988},"193":{"name":"readError","decl":{"start":{"line":3992,"column":0},"end":{"line":4005,"column":1}},"loc":{"start":{"line":3992,"column":0},"end":{"line":4005,"column":1}},"line":3992},"194":{"name":"GerenciarUsuarios","decl":{"start":{"line":4038,"column":0},"end":{"line":4136,"column":1}},"loc":{"start":{"line":4038,"column":0},"end":{"line":4136,"column":1}},"line":4038},"195":{"name":"load","decl":{"start":{"line":4046,"column":17},"end":{"line":4052,"column":5}},"loc":{"start":{"line":4046,"column":17},"end":{"line":4052,"column":5}},"line":4046},"196":{"name":"openCreate","decl":{"start":{"line":4056,"column":23},"end":{"line":4056,"column":136}},"loc":{"start":{"line":4056,"column":23},"end":{"line":4056,"column":136}},"line":4056},"197":{"name":"openEdit","decl":{"start":{"line":4057,"column":21},"end":{"line":4057,"column":176}},"loc":{"start":{"line":4057,"column":21},"end":{"line":4057,"column":176}},"line":4057},"198":{"name":"handleSubmit","decl":{"start":{"line":4059,"column":25},"end":{"line":4075,"column":5}},"loc":{"start":{"line":4059,"column":25},"end":{"line":4075,"column":5}},"line":4059},"199":{"name":"toggleActive","decl":{"start":{"line":4077,"column":25},"end":{"line":4084,"column":5}},"loc":{"start":{"line":4077,"column":25},"end":{"line":4084,"column":5}},"line":4077},"200":{"name":"onClick","decl":{"start":{"line":4105,"column":53},"end":{"line":4105,"column":72}},"loc":{"start":{"line":4105,"column":53},"end":{"line":4105,"column":72}},"line":4105},"201":{"name":"onClick","decl":{"start":{"line":4106,"column":53},"end":{"line":4106,"column":76}},"loc":{"start":{"line":4106,"column":53},"end":{"line":4106,"column":76}},"line":4106},"202":{"name":"onChange","decl":{"start":{"line":4119,"column":63},"end":{"line":4119,"column":116}},"loc":{"start":{"line":4119,"column":63},"end":{"line":4119,"column":116}},"line":4119},"203":{"name":"onChange","decl":{"start":{"line":4120,"column":77},"end":{"line":4120,"column":131}},"loc":{"start":{"line":4120,"column":77},"end":{"line":4120,"column":131}},"line":4120},"204":{"name":"onChange","decl":{"start":{"line":4121,"column":111},"end":{"line":4121,"column":168}},"loc":{"start":{"line":4121,"column":111},"end":{"line":4121,"column":168}},"line":4121},"205":{"name":"onChange","decl":{"start":{"line":4122,"column":67},"end":{"line":4122,"column":123}},"loc":{"start":{"line":4122,"column":67},"end":{"line":4122,"column":123}},"line":4122},"206":{"name":"onClick","decl":{"start":{"line":4127,"column":63},"end":{"line":4127,"column":85}},"loc":{"start":{"line":4127,"column":63},"end":{"line":4127,"column":85}},"line":4127},"207":{"name":"GerenciarRoles","decl":{"start":{"line":4140,"column":0},"end":{"line":4249,"column":1}},"loc":{"start":{"line":4140,"column":0},"end":{"line":4249,"column":1}},"line":4140},"208":{"name":"load","decl":{"start":{"line":4148,"column":17},"end":{"line":4154,"column":5}},"loc":{"start":{"line":4148,"column":17},"end":{"line":4154,"column":5}},"line":4148},"209":{"name":"openCreate","decl":{"start":{"line":4158,"column":23},"end":{"line":4158,"column":120}},"loc":{"start":{"line":4158,"column":23},"end":{"line":4158,"column":120}},"line":4158},"210":{"name":"openEdit","decl":{"start":{"line":4159,"column":21},"end":{"line":4159,"column":205}},"loc":{"start":{"line":4159,"column":21},"end":{"line":4159,"column":205}},"line":4159},"211":{"name":"togglePerm","decl":{"start":{"line":4161,"column":23},"end":{"line":4166,"column":7}},"loc":{"start":{"line":4161,"column":23},"end":{"line":4166,"column":7}},"line":4161},"212":{"name":"handleSubmit","decl":{"start":{"line":4168,"column":25},"end":{"line":4183,"column":5}},"loc":{"start":{"line":4168,"column":25},"end":{"line":4183,"column":5}},"line":4168},"213":{"name":"handleDelete","decl":{"start":{"line":4185,"column":25},"end":{"line":4193,"column":5}},"loc":{"start":{"line":4185,"column":25},"end":{"line":4193,"column":5}},"line":4185},"214":{"name":"onClick","decl":{"start":{"line":4213,"column":53},"end":{"line":4213,"column":72}},"loc":{"start":{"line":4213,"column":53},"end":{"line":4213,"column":72}},"line":4213},"215":{"name":"onClick","decl":{"start":{"line":4214,"column":53},"end":{"line":4214,"column":76}},"loc":{"start":{"line":4214,"column":53},"end":{"line":4214,"column":76}},"line":4214},"216":{"name":"onChange","decl":{"start":{"line":4227,"column":63},"end":{"line":4227,"column":116}},"loc":{"start":{"line":4227,"column":63},"end":{"line":4227,"column":116}},"line":4227},"217":{"name":"onChange","decl":{"start":{"line":4233,"column":126},"end":{"line":4233,"column":152}},"loc":{"start":{"line":4233,"column":126},"end":{"line":4233,"column":152}},"line":4233},"218":{"name":"onClick","decl":{"start":{"line":4240,"column":63},"end":{"line":4240,"column":85}},"loc":{"start":{"line":4240,"column":63},"end":{"line":4240,"column":85}},"line":4240},"219":{"name":"Root","decl":{"start":{"line":4251,"column":7},"end":{"line":4261,"column":1}},"loc":{"start":{"line":4251,"column":7},"end":{"line":4261,"column":1}},"line":4251}},"f":{"0":6,"1":22,"2":40,"3":1,"4":0,"5":854,"6":942,"7":817,"8":0,"9":28,"10":1,"11":0,"12":18,"13":6,"14":0,"15":0,"16":0,"17":0,"18":0,"19":0,"20":58,"21":19,"22":0,"23":1,"24":0,"25":8,"26":0,"27":0,"28":0,"29":1,"30":672,"31":1,"32":0,"33":1,"34":5,"35":1,"36":18,"37":0,"38":0,"39":0,"40":5,"41":1,"42":0,"43":0,"44":0,"45":0,"46":1,"47":0,"48":0,"49":34,"50":1,"51":0,"52":0,"53":1,"54":52,"55":0,"56":3,"57":2,"58":2,"59":1,"60":2,"61":0,"62":0,"63":16,"64":1,"65":2,"66":50,"67":0,"68":1,"69":1,"70":0,"71":0,"72":0,"73":1,"74":2,"75":2,"76":50,"77":50,"78":0,"79":17,"80":0,"81":0,"82":0,"83":0,"84":0,"85":1,"86":1,"87":1,"88":0,"89":0,"90":3,"91":0,"92":0,"93":0,"94":0,"95":0,"96":0,"97":0,"98":0,"99":0,"100":0,"101":0,"102":0,"103":0,"104":0,"105":0,"106":0,"107":0,"108":0,"109":3,"110":3,"111":0,"112":0,"113":0,"114":0,"115":0,"116":0,"117":0,"118":0,"119":0,"120":0,"121":12,"122":0,"123":12,"124":4,"125":0,"126":0,"127":0,"128":0,"129":0,"130":0,"131":0,"132":0,"133":0,"134":0,"135":0,"136":0,"137":4,"138":0,"139":0,"140":0,"141":0,"142":0,"143":0,"144":11,"145":0,"146":3,"147":3,"148":0,"149":0,"150":0,"151":0,"152":0,"153":0,"154":0,"155":22,"156":0,"157":0,"158":0,"159":60,"160":0,"161":0,"162":0,"163":0,"164":0,"165":0,"166":1,"167":0,"168":0,"169":0,"170":0,"171":0,"172":23,"173":6,"174":194,"175":23,"176":42,"177":22,"178":6,"179":63,"180":1,"181":29,"182":4,"183":56,"184":22,"185":9,"186":2,"187":0,"188":0,"189":0,"190":0,"191":0,"192":2,"193":0,"194":43,"195":2,"196":1,"197":0,"198":1,"199":0,"200":0,"201":0,"202":4,"203":20,"204":10,"205":1,"206":0,"207":16,"208":2,"209":1,"210":0,"211":1,"212":1,"213":0,"214":0,"215":0,"216":7,"217":1,"218":0,"219":40}}
}
